<?xml version="1.0" encoding="UTF-8"?>
<!-- Generated by org.testng.reporters.JUnitXMLReporter -->
<testsuite ignored="0" hostname="AAPDyOVVbECDsDj" failures="3" tests="3" name="Verify Store Entry Title-VerifyStoreEntryTitle-It.1" time="0.402" errors="0" timestamp="2024-05-30T12:11:44 IST">
  <testcase classname="testbase.BaseTest" name="@AfterTest quit" time="0.001">
    <failure type="java.lang.NullPointerException" message="Cannot invoke &amp;quot;org.openqa.selenium.WebDriver.quit()&amp;quot; because &amp;quot;this.driver&amp;quot; is null">
      <![CDATA[java.lang.NullPointerException: Cannot invoke "org.openqa.selenium.WebDriver.quit()" because "this.driver" is null
at keywords.GenericKeywords.quit(GenericKeywords.java:302)
at testbase.BaseTest.quit(BaseTest.java:94)
at runner.TestNGRunner.run(TestNGRunner.java:90)
at runner.JSONRunner.main(JSONRunner.java:111)
... Removed 21 stack frames]]>
    </failure>
  </testcase> <!-- @AfterTest quit -->
  <testcase classname="testcases.StoreEntryTest" name="VerifyStoreEntryTitle" time="0.0">
    <failure type="org.testng.TestNGException" message="
Cannot inject @Test annotated Method [VerifyStoreEntryTitle] with [class java.lang.String, class java.lang.String, class java.lang.String, class java.lang.String].
For more information on native dependency injection please refer to https://testng.org/doc/documentation-main.html#native-dependency-injection">
      <![CDATA[org.testng.TestNGException: 
Cannot inject @Test annotated Method [VerifyStoreEntryTitle] with [class java.lang.String, class java.lang.String, class java.lang.String, class java.lang.String].
For more information on native dependency injection please refer to https://testng.org/doc/documentation-main.html#native-dependency-injection
at java.base/java.util.ArrayList.forEach(ArrayList.java:1511)
at runner.TestNGRunner.run(TestNGRunner.java:90)
at runner.JSONRunner.main(JSONRunner.java:111)
... Removed 23 stack frames]]>
    </failure>
  </testcase> <!-- VerifyStoreEntryTitle -->
  <testcase classname="testcases.StoreEntryTest" name="VerifySignInButtonPresence" time="0.0">
    <failure type="org.testng.TestNGException" message="
Cannot inject @Test annotated Method [VerifySignInButtonPresence] with [class java.lang.String, class java.lang.String, class java.lang.String, class java.lang.String].
For more information on native dependency injection please refer to https://testng.org/doc/documentation-main.html#native-dependency-injection">
      <![CDATA[org.testng.TestNGException: 
Cannot inject @Test annotated Method [VerifySignInButtonPresence] with [class java.lang.String, class java.lang.String, class java.lang.String, class java.lang.String].
For more information on native dependency injection please refer to https://testng.org/doc/documentation-main.html#native-dependency-injection
at java.base/java.util.ArrayList.forEach(ArrayList.java:1511)
at runner.TestNGRunner.run(TestNGRunner.java:90)
at runner.JSONRunner.main(JSONRunner.java:111)
... Removed 23 stack frames]]>
    </failure>
  </testcase> <!-- VerifySignInButtonPresence -->
  <testcase classname="testcases.StoreEntryTest" name="Verifylogin" time="0.0">
    <failure type="org.testng.TestNGException" message="
Cannot inject @Test annotated Method [Verifylogin] with [class java.lang.String, class java.lang.String, class java.lang.String, class java.lang.String].
For more information on native dependency injection please refer to https://testng.org/doc/documentation-main.html#native-dependency-injection">
      <![CDATA[org.testng.TestNGException: 
Cannot inject @Test annotated Method [Verifylogin] with [class java.lang.String, class java.lang.String, class java.lang.String, class java.lang.String].
For more information on native dependency injection please refer to https://testng.org/doc/documentation-main.html#native-dependency-injection
at java.base/java.util.ArrayList.forEach(ArrayList.java:1511)
at runner.TestNGRunner.run(TestNGRunner.java:90)
at runner.JSONRunner.main(JSONRunner.java:111)
... Removed 23 stack frames]]>
    </failure>
  </testcase> <!-- Verifylogin -->
</testsuite> <!-- Verify Store Entry Title-VerifyStoreEntryTitle-It.1 -->
