<?xml version="1.0" encoding="UTF-8"?>
<!-- Generated by org.testng.reporters.JUnitXMLReporter -->
<testsuite ignored="0" hostname="AAPDyOVVbECDsDj" failures="2" tests="2" name="Verify SignIn ButtonPresence-Verify SignIn ButtonPresence-It.1" time="0.013" errors="0" timestamp="2024-05-30T10:29:39 IST">
  <testcase classname="testcases.DashBoardTest" name="verifyAllPets" time="0.0">
    <failure type="org.testng.TestNGException" message="
Cannot inject @Test annotated Method [verifyAllPets] with [class java.lang.String, class java.lang.String, class java.lang.String, class java.lang.String].
For more information on native dependency injection please refer to https://testng.org/doc/documentation-main.html#native-dependency-injection">
      <![CDATA[org.testng.TestNGException: 
Cannot inject @Test annotated Method [verifyAllPets] with [class java.lang.String, class java.lang.String, class java.lang.String, class java.lang.String].
For more information on native dependency injection please refer to https://testng.org/doc/documentation-main.html#native-dependency-injection
at java.base/java.util.ArrayList.forEach(ArrayList.java:1511)
at runner.TestNGRunner.run(TestNGRunner.java:90)
at runner.JSONRunner.main(JSONRunner.java:111)
... Removed 23 stack frames]]>
    </failure>
  </testcase> <!-- verifyAllPets -->
  <testcase classname="testcases.DashBoardTest" name="verifyAvailablePets" time="0.0">
    <failure type="org.testng.TestNGException" message="
Cannot inject @Test annotated Method [verifyAvailablePets] with [class java.lang.String, class java.lang.String, class java.lang.String, class java.lang.String].
For more information on native dependency injection please refer to https://testng.org/doc/documentation-main.html#native-dependency-injection">
      <![CDATA[org.testng.TestNGException: 
Cannot inject @Test annotated Method [verifyAvailablePets] with [class java.lang.String, class java.lang.String, class java.lang.String, class java.lang.String].
For more information on native dependency injection please refer to https://testng.org/doc/documentation-main.html#native-dependency-injection
at java.base/java.util.ArrayList.forEach(ArrayList.java:1511)
at runner.TestNGRunner.run(TestNGRunner.java:90)
at runner.JSONRunner.main(JSONRunner.java:111)
... Removed 23 stack frames]]>
    </failure>
  </testcase> <!-- verifyAvailablePets -->
</testsuite> <!-- Verify SignIn ButtonPresence-Verify SignIn ButtonPresence-It.1 -->
