<html xmlns:math="http://exslt.org/math" xmlns:testng="http://testng.org">
   <head>
      <title>TestNG Results</title>
      <meta http-equiv="content-type" content="text/html; charset=utf-8"></meta>
      <meta http-equiv="pragma" content="no-cache"></meta>
      <meta http-equiv="cache-control" content="max-age=0"></meta>
      <meta http-equiv="cache-control" content="no-cache"></meta>
      <meta http-equiv="cache-control" content="no-store"></meta>
      <LINK rel="stylesheet" href="style.css"></LINK>
      <script type="text/javascript" src="main.js"></script>
   </head>
   <body>
      <table width="100%" style="font-size: 16px; margin-bottom: 10px;" cellspacing="1">
         <tr>
            <td width="100%">
               All methods in suite
               
               <b>JPetStore Suite</b>
            </td>
            <td style="background-color: #FFBBBB; padding: 3px 3px 3px 0;" align="center">
               <div style="width: 50px;">1</div>
            </td>
            <td style="background-color: lightgreen; padding: 3px 3px 3px 0;" align="center">
               <div style="width: 50px;">5</div>
            </td>
            <td style="background-color: #FFFFBB; padding: 3px 3px 3px 0;" align="center">
               <div style="width: 50px;">0</div>
            </td>
            <td align="center" style="background-color: #eaf0f7; padding: 3px 3px 3px 0;">
               <div style="width: 50px;">6</div>
            </td>
            <td align="center"
                style="font-weight: bold; background-color: #eaf0f7; padding: 3px 3px 3px 0;">
               <div style="width: 50px;">83%</div>
            </td>
            <td style="background-color: #eaf0f7; padding: 3px 3px 3px 0;" align="center"
                nowrap="true">57s
               
            </td>
         </tr>
      </table>
      <div style="width: 200px;">
         <label for="groupMethodsCheckBox" style="font-weight: bold; margin: 0;">
            <input id="groupMethodsCheckBox" type="checkbox" onclick="switchTestMethodsView(this)"></input>
            Group by class
            
         </label>
         <br></br>
         <label for="methodsFilter_ALL" style="font-weight: bold; margin: 0;">
            <input id="methodsFilter_ALL" type="checkbox"
                   onclick="testMethodsFilterChanged(this, 'ALL')"></input>
            All
            
         </label>
      </div>
      <label for="methodsFilter_FAIL" style="margin-left: 20px;">
         <input id="methodsFilter_FAIL" type="checkbox"
                onclick="testMethodsFilterChanged(this, 'FAIL')"
                checked=""></input>
         Failed
         
      </label>
      <label for="methodsFilter_PASS">
         <input id="methodsFilter_PASS" type="checkbox"
                onclick="testMethodsFilterChanged(this, 'PASS')"
                checked=""></input>
         Passed
         
      </label>
      <label for="methodsFilter_SKIP">
         <input id="methodsFilter_SKIP" type="checkbox"
                onclick="testMethodsFilterChanged(this, 'SKIP')"
                checked=""></input>
         Skipped
         
      </label>
      <label for="methodsFilter_CONF">
         <input id="methodsFilter_CONF" type="checkbox"
                onclick="testMethodsFilterChanged(this, 'CONF')"></input>
         Config
         
      </label>
      <br></br>
      <div id="testMethodsByStatus">
         <table class="testMethodsTable" cellpadding="0" cellspacing="0">
            <tr class="methodsTableHeader">
               <td width="100%">Name</td>
               <td nowrap="true">Started</td>
               <td nowrap="true">Duration</td>
               <td>Exception</td>
            </tr>
            <tr id="testcases.DashBoardTest_verifyAllPets_byStatus_failed_FAIL1_row"
                class="testMethodStatusFAIL">
               <td width="100%" class="firstMethodCell">
                  <a onclick="toggleDetailsVisibility('testcases.DashBoardTest_verifyAllPets_byStatus_failed_FAIL1_details')">verifyAllPets()</a>
               </td>
               <td nowrap="true">19:58:31</td>
               <td nowrap="true" align="right">29s
                  
               </td>
               <td nowrap="true">
                  <a onclick="toggleDetailsVisibility('testcases.DashBoardTest_verifyAllPets_byStatus_failed_FAIL1_exception')">java.lang.ArrayIndexOutOfBoundsException: 
                     Index 2 out of bounds for length 2
                     
                  </a>
                   
                  
               </td>
            </tr>
            <tr>
               <td colspan="4" class="detailsBox">
                  <div id="testcases.DashBoardTest_verifyAllPets_byStatus_failed_FAIL1_details"
                       class="testMethodDetails">
                     <div>
                        <b>Name: </b>verifyAllPets
                     </div>
                     <div>
                        <b>Signature: </b>verifyAllPets()[pri:0, instance:testcases.DashBoardTest@8d7b252]
                     </div>
                     <div>
                        <b>Start time: </b>19:58:31
                     </div>
                     <div>
                        <b>End time: </b>19:59:00
                     </div>
                     <div>
                        <b>Duration: </b>29s
                        
                     </div>
                  </div>
               </td>
            </tr>
            <tr>
               <td colspan="4" class="detailsBox">
                  <div id="testcases.DashBoardTest_verifyAllPets_byStatus_failed_FAIL1_exception"
                       class="testMethodDetails">
                     <pre style="padding: 5px; margin: 0;">java.lang.ArrayIndexOutOfBoundsException: Index 2 out of bounds for length 2
                        at keywords.ApplicationKeywords.verifyTableEntitites(ApplicationKeywords.java:101)
                        at driver.DriverScript.executeTest(DriverScript.java:76)
                        at testcases.DashBoardTest.verifyAllPets(DashBoardTest.java:54)
                        at java.base/jdk.internal.reflect.DirectMethodHandleAccessor.invoke(DirectMethodHandleAccessor.java:103)
                        at java.base/java.lang.reflect.Method.invoke(Method.java:580)
                        at org.testng.internal.MethodInvocationHelper.invokeMethod(MethodInvocationHelper.java:133)
                        at org.testng.internal.TestInvoker.invokeMethod(TestInvoker.java:598)
                        at org.testng.internal.TestInvoker.invokeTestMethod(TestInvoker.java:173)
                        at org.testng.internal.MethodRunner.runInSequence(MethodRunner.java:46)
                        at org.testng.internal.TestInvoker$MethodInvocationAgent.invoke(TestInvoker.java:824)
                        at org.testng.internal.TestInvoker.invokeTestMethods(TestInvoker.java:146)
                        at org.testng.internal.TestMethodWorker.invokeTestMethods(TestMethodWorker.java:146)
                        at org.testng.internal.TestMethodWorker.run(TestMethodWorker.java:128)
                        at java.base/java.util.ArrayList.forEach(ArrayList.java:1596)
                        at org.testng.TestRunner.privateRun(TestRunner.java:794)
                        at org.testng.TestRunner.run(TestRunner.java:596)
                        at org.testng.SuiteRunner.runTest(SuiteRunner.java:377)
                        at org.testng.SuiteRunner.runSequentially(SuiteRunner.java:371)
                        at org.testng.SuiteRunner.privateRun(SuiteRunner.java:332)
                        at org.testng.SuiteRunner.run(SuiteRunner.java:276)
                        at org.testng.SuiteRunnerWorker.runSuite(SuiteRunnerWorker.java:53)
                        at org.testng.SuiteRunnerWorker.run(SuiteRunnerWorker.java:96)
                        at org.testng.TestNG.runSuitesSequentially(TestNG.java:1212)
                        at org.testng.TestNG.runSuitesLocally(TestNG.java:1134)
                        at org.testng.TestNG.runSuites(TestNG.java:1063)
                        at org.testng.TestNG.run(TestNG.java:1031)
                        at runner.TestNGRunner.run(TestNGRunner.java:86)
                        at runner.JSONRunner.main(JSONRunner.java:109)
                     </pre>
                  </div>
               </td>
            </tr>
            <tr id="testcases.StoreEntryTest_beforeTest_byStatus_passed_PASS1_row"
                class="testMethodStatusPASS testMethodStatusCONF">
               <td width="100%" class="firstMethodCell">
                  <a onclick="toggleDetailsVisibility('testcases.StoreEntryTest_beforeTest_byStatus_passed_PASS1_details')">beforeTest(org.testng.TestRunner@16a09809)</a>
               </td>
               <td nowrap="true">19:58:12</td>
               <td nowrap="true" align="right">166 ms
                  
               </td>
               <td nowrap="true">
                   
                  
               </td>
            </tr>
            <tr>
               <td colspan="4" class="detailsBox">
                  <div id="testcases.StoreEntryTest_beforeTest_byStatus_passed_PASS1_details"
                       class="testMethodDetails">
                     <div>
                        <b>Name: </b>beforeTest
                     </div>
                     <div>
                        <b>Signature: </b>beforeTest(org.testng.ITestContext)[pri:0, instance:testcases.StoreEntryTest@11a00961]
                     </div>
                     <div>
                        <b>Parameters: </b>
                        
                        org.testng.TestRunner@16a09809
                        
                        
                     </div>
                     <div>
                        <b>Start time: </b>19:58:12
                     </div>
                     <div>
                        <b>End time: </b>19:58:13
                     </div>
                     <div>
                        <b>Duration: </b>166 ms
                        
                     </div>
                  </div>
               </td>
            </tr>
            <tr></tr>
            <tr id="testcases.StoreEntryTest_beforeMethod_byStatus_passed_PASS2_row"
                class="testMethodStatusPASS testMethodStatusCONF">
               <td width="100%" class="firstMethodCell">
                  <a onclick="toggleDetailsVisibility('testcases.StoreEntryTest_beforeMethod_byStatus_passed_PASS2_details')">beforeMethod(org.testng.TestRunner@16a09809)</a>
               </td>
               <td nowrap="true">19:58:13</td>
               <td nowrap="true" align="right">1 ms
                  
               </td>
               <td nowrap="true">
                   
                  
               </td>
            </tr>
            <tr>
               <td colspan="4" class="detailsBox">
                  <div id="testcases.StoreEntryTest_beforeMethod_byStatus_passed_PASS2_details"
                       class="testMethodDetails">
                     <div>
                        <b>Name: </b>beforeMethod
                     </div>
                     <div>
                        <b>Signature: </b>beforeMethod(org.testng.ITestContext)[pri:0, instance:testcases.StoreEntryTest@11a00961]
                     </div>
                     <div>
                        <b>Parameters: </b>
                        
                        org.testng.TestRunner@16a09809
                        
                        
                     </div>
                     <div>
                        <b>Start time: </b>19:58:13
                     </div>
                     <div>
                        <b>End time: </b>19:58:13
                     </div>
                     <div>
                        <b>Duration: </b>1 ms
                        
                     </div>
                  </div>
               </td>
            </tr>
            <tr></tr>
            <tr id="testcases.StoreEntryTest_VerifyStoreEntryTitle_byStatus_passed_PASS3_row"
                class="testMethodStatusPASS">
               <td width="100%" class="firstMethodCell">
                  <a onclick="toggleDetailsVisibility('testcases.StoreEntryTest_VerifyStoreEntryTitle_byStatus_passed_PASS3_details')">VerifyStoreEntryTitle()</a>
               </td>
               <td nowrap="true">19:58:13</td>
               <td nowrap="true" align="right">4s
                  
               </td>
               <td nowrap="true">
                   
                  
               </td>
            </tr>
            <tr>
               <td colspan="4" class="detailsBox">
                  <div id="testcases.StoreEntryTest_VerifyStoreEntryTitle_byStatus_passed_PASS3_details"
                       class="testMethodDetails">
                     <div>
                        <b>Name: </b>VerifyStoreEntryTitle
                     </div>
                     <div>
                        <b>Signature: </b>VerifyStoreEntryTitle()[pri:0, instance:testcases.StoreEntryTest@11a00961]
                     </div>
                     <div>
                        <b>Start time: </b>19:58:13
                     </div>
                     <div>
                        <b>End time: </b>19:58:16
                     </div>
                     <div>
                        <b>Duration: </b>4s
                        
                     </div>
                  </div>
               </td>
            </tr>
            <tr></tr>
            <tr id="testcases.StoreEntryTest_beforeMethod_byStatus_passed_PASS4_row"
                class="testMethodStatusPASS testMethodStatusCONF">
               <td width="100%" class="firstMethodCell">
                  <a onclick="toggleDetailsVisibility('testcases.StoreEntryTest_beforeMethod_byStatus_passed_PASS4_details')">beforeMethod(org.testng.TestRunner@16a09809)</a>
               </td>
               <td nowrap="true">19:58:16</td>
               <td nowrap="true" align="right">1 ms
                  
               </td>
               <td nowrap="true">
                   
                  
               </td>
            </tr>
            <tr>
               <td colspan="4" class="detailsBox">
                  <div id="testcases.StoreEntryTest_beforeMethod_byStatus_passed_PASS4_details"
                       class="testMethodDetails">
                     <div>
                        <b>Name: </b>beforeMethod
                     </div>
                     <div>
                        <b>Signature: </b>beforeMethod(org.testng.ITestContext)[pri:0, instance:testcases.StoreEntryTest@11a00961]
                     </div>
                     <div>
                        <b>Parameters: </b>
                        
                        org.testng.TestRunner@16a09809
                        
                        
                     </div>
                     <div>
                        <b>Start time: </b>19:58:16
                     </div>
                     <div>
                        <b>End time: </b>19:58:16
                     </div>
                     <div>
                        <b>Duration: </b>1 ms
                        
                     </div>
                  </div>
               </td>
            </tr>
            <tr></tr>
            <tr id="testcases.StoreEntryTest_VerifySignInButtonPresence_byStatus_passed_PASS5_row"
                class="testMethodStatusPASS">
               <td width="100%" class="firstMethodCell">
                  <a onclick="toggleDetailsVisibility('testcases.StoreEntryTest_VerifySignInButtonPresence_byStatus_passed_PASS5_details')">VerifySignInButtonPresence()</a>
               </td>
               <td nowrap="true">19:58:16</td>
               <td nowrap="true" align="right">3s
                  
               </td>
               <td nowrap="true">
                   
                  
               </td>
            </tr>
            <tr>
               <td colspan="4" class="detailsBox">
                  <div id="testcases.StoreEntryTest_VerifySignInButtonPresence_byStatus_passed_PASS5_details"
                       class="testMethodDetails">
                     <div>
                        <b>Name: </b>VerifySignInButtonPresence
                     </div>
                     <div>
                        <b>Signature: </b>VerifySignInButtonPresence()[pri:0, instance:testcases.StoreEntryTest@11a00961]
                     </div>
                     <div>
                        <b>Start time: </b>19:58:16
                     </div>
                     <div>
                        <b>End time: </b>19:58:20
                     </div>
                     <div>
                        <b>Duration: </b>3s
                        
                     </div>
                  </div>
               </td>
            </tr>
            <tr></tr>
            <tr id="testcases.StoreEntryTest_beforeMethod_byStatus_passed_PASS6_row"
                class="testMethodStatusPASS testMethodStatusCONF">
               <td width="100%" class="firstMethodCell">
                  <a onclick="toggleDetailsVisibility('testcases.StoreEntryTest_beforeMethod_byStatus_passed_PASS6_details')">beforeMethod(org.testng.TestRunner@16a09809)</a>
               </td>
               <td nowrap="true">19:58:20</td>
               <td nowrap="true" align="right">0 ms
                  
               </td>
               <td nowrap="true">
                   
                  
               </td>
            </tr>
            <tr>
               <td colspan="4" class="detailsBox">
                  <div id="testcases.StoreEntryTest_beforeMethod_byStatus_passed_PASS6_details"
                       class="testMethodDetails">
                     <div>
                        <b>Name: </b>beforeMethod
                     </div>
                     <div>
                        <b>Signature: </b>beforeMethod(org.testng.ITestContext)[pri:0, instance:testcases.StoreEntryTest@11a00961]
                     </div>
                     <div>
                        <b>Parameters: </b>
                        
                        org.testng.TestRunner@16a09809
                        
                        
                     </div>
                     <div>
                        <b>Start time: </b>19:58:20
                     </div>
                     <div>
                        <b>End time: </b>19:58:20
                     </div>
                     <div>
                        <b>Duration: </b>0 ms
                        
                     </div>
                  </div>
               </td>
            </tr>
            <tr></tr>
            <tr id="testcases.StoreEntryTest_Verifylogin_byStatus_passed_PASS7_row"
                class="testMethodStatusPASS">
               <td width="100%" class="firstMethodCell">
                  <a onclick="toggleDetailsVisibility('testcases.StoreEntryTest_Verifylogin_byStatus_passed_PASS7_details')">Verifylogin()</a>
               </td>
               <td nowrap="true">19:58:20</td>
               <td nowrap="true" align="right">8s
                  
               </td>
               <td nowrap="true">
                   
                  
               </td>
            </tr>
            <tr>
               <td colspan="4" class="detailsBox">
                  <div id="testcases.StoreEntryTest_Verifylogin_byStatus_passed_PASS7_details"
                       class="testMethodDetails">
                     <div>
                        <b>Name: </b>Verifylogin
                     </div>
                     <div>
                        <b>Signature: </b>Verifylogin()[pri:0, instance:testcases.StoreEntryTest@11a00961]
                     </div>
                     <div>
                        <b>Start time: </b>19:58:20
                     </div>
                     <div>
                        <b>End time: </b>19:58:28
                     </div>
                     <div>
                        <b>Duration: </b>8s
                        
                     </div>
                  </div>
               </td>
            </tr>
            <tr></tr>
            <tr id="testcases.StoreEntryTest_quit_byStatus_passed_PASS8_row"
                class="testMethodStatusPASS testMethodStatusCONF">
               <td width="100%" class="firstMethodCell">
                  <a onclick="toggleDetailsVisibility('testcases.StoreEntryTest_quit_byStatus_passed_PASS8_details')">quit(org.testng.TestRunner@16a09809)</a>
               </td>
               <td nowrap="true">19:58:28</td>
               <td nowrap="true" align="right">266 ms
                  
               </td>
               <td nowrap="true">
                   
                  
               </td>
            </tr>
            <tr>
               <td colspan="4" class="detailsBox">
                  <div id="testcases.StoreEntryTest_quit_byStatus_passed_PASS8_details"
                       class="testMethodDetails">
                     <div>
                        <b>Name: </b>quit
                     </div>
                     <div>
                        <b>Signature: </b>quit(org.testng.ITestContext)[pri:0, instance:testcases.StoreEntryTest@11a00961]
                     </div>
                     <div>
                        <b>Parameters: </b>
                        
                        org.testng.TestRunner@16a09809
                        
                        
                     </div>
                     <div>
                        <b>Start time: </b>19:58:28
                     </div>
                     <div>
                        <b>End time: </b>19:58:28
                     </div>
                     <div>
                        <b>Duration: </b>266 ms
                        
                     </div>
                  </div>
               </td>
            </tr>
            <tr></tr>
            <tr id="testcases.HomePageTest_beforeTest_byStatus_passed_PASS9_row"
                class="testMethodStatusPASS testMethodStatusCONF">
               <td width="100%" class="firstMethodCell">
                  <a onclick="toggleDetailsVisibility('testcases.HomePageTest_beforeTest_byStatus_passed_PASS9_details')">beforeTest(org.testng.TestRunner@69a73867)</a>
               </td>
               <td nowrap="true">19:58:28</td>
               <td nowrap="true" align="right">14 ms
                  
               </td>
               <td nowrap="true">
                   
                  
               </td>
            </tr>
            <tr>
               <td colspan="4" class="detailsBox">
                  <div id="testcases.HomePageTest_beforeTest_byStatus_passed_PASS9_details"
                       class="testMethodDetails">
                     <div>
                        <b>Name: </b>beforeTest
                     </div>
                     <div>
                        <b>Signature: </b>beforeTest(org.testng.ITestContext)[pri:0, instance:testcases.HomePageTest@74075134]
                     </div>
                     <div>
                        <b>Parameters: </b>
                        
                        org.testng.TestRunner@69a73867
                        
                        
                     </div>
                     <div>
                        <b>Start time: </b>19:58:28
                     </div>
                     <div>
                        <b>End time: </b>19:58:28
                     </div>
                     <div>
                        <b>Duration: </b>14 ms
                        
                     </div>
                  </div>
               </td>
            </tr>
            <tr></tr>
            <tr id="testcases.HomePageTest_beforeMethod_byStatus_passed_PASS10_row"
                class="testMethodStatusPASS testMethodStatusCONF">
               <td width="100%" class="firstMethodCell">
                  <a onclick="toggleDetailsVisibility('testcases.HomePageTest_beforeMethod_byStatus_passed_PASS10_details')">beforeMethod(org.testng.TestRunner@69a73867)</a>
               </td>
               <td nowrap="true">19:58:28</td>
               <td nowrap="true" align="right">1 ms
                  
               </td>
               <td nowrap="true">
                   
                  
               </td>
            </tr>
            <tr>
               <td colspan="4" class="detailsBox">
                  <div id="testcases.HomePageTest_beforeMethod_byStatus_passed_PASS10_details"
                       class="testMethodDetails">
                     <div>
                        <b>Name: </b>beforeMethod
                     </div>
                     <div>
                        <b>Signature: </b>beforeMethod(org.testng.ITestContext)[pri:0, instance:testcases.HomePageTest@74075134]
                     </div>
                     <div>
                        <b>Parameters: </b>
                        
                        org.testng.TestRunner@69a73867
                        
                        
                     </div>
                     <div>
                        <b>Start time: </b>19:58:28
                     </div>
                     <div>
                        <b>End time: </b>19:58:28
                     </div>
                     <div>
                        <b>Duration: </b>1 ms
                        
                     </div>
                  </div>
               </td>
            </tr>
            <tr></tr>
            <tr id="testcases.HomePageTest_VerifyHomePageTitle_byStatus_passed_PASS11_row"
                class="testMethodStatusPASS">
               <td width="100%" class="firstMethodCell">
                  <a onclick="toggleDetailsVisibility('testcases.HomePageTest_VerifyHomePageTitle_byStatus_passed_PASS11_details')">VerifyHomePageTitle()</a>
               </td>
               <td nowrap="true">19:58:28</td>
               <td nowrap="true" align="right">3s
                  
               </td>
               <td nowrap="true">
                   
                  
               </td>
            </tr>
            <tr>
               <td colspan="4" class="detailsBox">
                  <div id="testcases.HomePageTest_VerifyHomePageTitle_byStatus_passed_PASS11_details"
                       class="testMethodDetails">
                     <div>
                        <b>Name: </b>VerifyHomePageTitle
                     </div>
                     <div>
                        <b>Signature: </b>VerifyHomePageTitle()[pri:0, instance:testcases.HomePageTest@74075134]
                     </div>
                     <div>
                        <b>Start time: </b>19:58:28
                     </div>
                     <div>
                        <b>End time: </b>19:58:31
                     </div>
                     <div>
                        <b>Duration: </b>3s
                        
                     </div>
                  </div>
               </td>
            </tr>
            <tr></tr>
            <tr id="testcases.HomePageTest_quit_byStatus_passed_PASS12_row"
                class="testMethodStatusPASS testMethodStatusCONF">
               <td width="100%" class="firstMethodCell">
                  <a onclick="toggleDetailsVisibility('testcases.HomePageTest_quit_byStatus_passed_PASS12_details')">quit(org.testng.TestRunner@69a73867)</a>
               </td>
               <td nowrap="true">19:58:31</td>
               <td nowrap="true" align="right">83 ms
                  
               </td>
               <td nowrap="true">
                   
                  
               </td>
            </tr>
            <tr>
               <td colspan="4" class="detailsBox">
                  <div id="testcases.HomePageTest_quit_byStatus_passed_PASS12_details"
                       class="testMethodDetails">
                     <div>
                        <b>Name: </b>quit
                     </div>
                     <div>
                        <b>Signature: </b>quit(org.testng.ITestContext)[pri:0, instance:testcases.HomePageTest@74075134]
                     </div>
                     <div>
                        <b>Parameters: </b>
                        
                        org.testng.TestRunner@69a73867
                        
                        
                     </div>
                     <div>
                        <b>Start time: </b>19:58:31
                     </div>
                     <div>
                        <b>End time: </b>19:58:31
                     </div>
                     <div>
                        <b>Duration: </b>83 ms
                        
                     </div>
                  </div>
               </td>
            </tr>
            <tr></tr>
            <tr id="testcases.DashBoardTest_beforeTest_byStatus_passed_PASS13_row"
                class="testMethodStatusPASS testMethodStatusCONF">
               <td width="100%" class="firstMethodCell">
                  <a onclick="toggleDetailsVisibility('testcases.DashBoardTest_beforeTest_byStatus_passed_PASS13_details')">beforeTest(org.testng.TestRunner@3d8d52be)</a>
               </td>
               <td nowrap="true">19:58:31</td>
               <td nowrap="true" align="right">13 ms
                  
               </td>
               <td nowrap="true">
                   
                  
               </td>
            </tr>
            <tr>
               <td colspan="4" class="detailsBox">
                  <div id="testcases.DashBoardTest_beforeTest_byStatus_passed_PASS13_details"
                       class="testMethodDetails">
                     <div>
                        <b>Name: </b>beforeTest
                     </div>
                     <div>
                        <b>Signature: </b>beforeTest(org.testng.ITestContext)[pri:0, instance:testcases.DashBoardTest@8d7b252]
                     </div>
                     <div>
                        <b>Parameters: </b>
                        
                        org.testng.TestRunner@3d8d52be
                        
                        
                     </div>
                     <div>
                        <b>Start time: </b>19:58:31
                     </div>
                     <div>
                        <b>End time: </b>19:58:31
                     </div>
                     <div>
                        <b>Duration: </b>13 ms
                        
                     </div>
                  </div>
               </td>
            </tr>
            <tr></tr>
            <tr id="testcases.DashBoardTest_beforeMethod_byStatus_passed_PASS14_row"
                class="testMethodStatusPASS testMethodStatusCONF">
               <td width="100%" class="firstMethodCell">
                  <a onclick="toggleDetailsVisibility('testcases.DashBoardTest_beforeMethod_byStatus_passed_PASS14_details')">beforeMethod(org.testng.TestRunner@3d8d52be)</a>
               </td>
               <td nowrap="true">19:58:31</td>
               <td nowrap="true" align="right">1 ms
                  
               </td>
               <td nowrap="true">
                   
                  
               </td>
            </tr>
            <tr>
               <td colspan="4" class="detailsBox">
                  <div id="testcases.DashBoardTest_beforeMethod_byStatus_passed_PASS14_details"
                       class="testMethodDetails">
                     <div>
                        <b>Name: </b>beforeMethod
                     </div>
                     <div>
                        <b>Signature: </b>beforeMethod(org.testng.ITestContext)[pri:0, instance:testcases.DashBoardTest@8d7b252]
                     </div>
                     <div>
                        <b>Parameters: </b>
                        
                        org.testng.TestRunner@3d8d52be
                        
                        
                     </div>
                     <div>
                        <b>Start time: </b>19:58:31
                     </div>
                     <div>
                        <b>End time: </b>19:58:31
                     </div>
                     <div>
                        <b>Duration: </b>1 ms
                        
                     </div>
                  </div>
               </td>
            </tr>
            <tr></tr>
            <tr id="testcases.DashBoardTest_beforeMethod_byStatus_passed_PASS15_row"
                class="testMethodStatusPASS testMethodStatusCONF">
               <td width="100%" class="firstMethodCell">
                  <a onclick="toggleDetailsVisibility('testcases.DashBoardTest_beforeMethod_byStatus_passed_PASS15_details')">beforeMethod(org.testng.TestRunner@3d8d52be)</a>
               </td>
               <td nowrap="true">19:59:00</td>
               <td nowrap="true" align="right">0 ms
                  
               </td>
               <td nowrap="true">
                   
                  
               </td>
            </tr>
            <tr>
               <td colspan="4" class="detailsBox">
                  <div id="testcases.DashBoardTest_beforeMethod_byStatus_passed_PASS15_details"
                       class="testMethodDetails">
                     <div>
                        <b>Name: </b>beforeMethod
                     </div>
                     <div>
                        <b>Signature: </b>beforeMethod(org.testng.ITestContext)[pri:0, instance:testcases.DashBoardTest@8d7b252]
                     </div>
                     <div>
                        <b>Parameters: </b>
                        
                        org.testng.TestRunner@3d8d52be
                        
                        
                     </div>
                     <div>
                        <b>Start time: </b>19:59:00
                     </div>
                     <div>
                        <b>End time: </b>19:59:00
                     </div>
                     <div>
                        <b>Duration: </b>0 ms
                        
                     </div>
                  </div>
               </td>
            </tr>
            <tr></tr>
            <tr id="testcases.DashBoardTest_verifyAvailablePets_byStatus_passed_PASS16_row"
                class="testMethodStatusPASS">
               <td width="100%" class="firstMethodCell">
                  <a onclick="toggleDetailsVisibility('testcases.DashBoardTest_verifyAvailablePets_byStatus_passed_PASS16_details')">verifyAvailablePets(org.testng.TestRunner@3d8d52be)</a>
               </td>
               <td nowrap="true">19:59:00</td>
               <td nowrap="true" align="right">9s
                  
               </td>
               <td nowrap="true">
                   
                  
               </td>
            </tr>
            <tr>
               <td colspan="4" class="detailsBox">
                  <div id="testcases.DashBoardTest_verifyAvailablePets_byStatus_passed_PASS16_details"
                       class="testMethodDetails">
                     <div>
                        <b>Name: </b>verifyAvailablePets
                     </div>
                     <div>
                        <b>Signature: </b>verifyAvailablePets(org.testng.ITestContext)[pri:0, instance:testcases.DashBoardTest@8d7b252]
                     </div>
                     <div>
                        <b>Parameters: </b>
                        
                        org.testng.TestRunner@3d8d52be
                        
                        
                     </div>
                     <div>
                        <b>Start time: </b>19:59:00
                     </div>
                     <div>
                        <b>End time: </b>19:59:09
                     </div>
                     <div>
                        <b>Duration: </b>9s
                        
                     </div>
                  </div>
               </td>
            </tr>
            <tr></tr>
            <tr id="testcases.DashBoardTest_quit_byStatus_passed_PASS17_row"
                class="testMethodStatusPASS testMethodStatusCONF">
               <td width="100%" class="firstMethodCell">
                  <a onclick="toggleDetailsVisibility('testcases.DashBoardTest_quit_byStatus_passed_PASS17_details')">quit(org.testng.TestRunner@3d8d52be)</a>
               </td>
               <td nowrap="true">19:59:09</td>
               <td nowrap="true" align="right">89 ms
                  
               </td>
               <td nowrap="true">
                   
                  
               </td>
            </tr>
            <tr>
               <td colspan="4" class="detailsBox">
                  <div id="testcases.DashBoardTest_quit_byStatus_passed_PASS17_details"
                       class="testMethodDetails">
                     <div>
                        <b>Name: </b>quit
                     </div>
                     <div>
                        <b>Signature: </b>quit(org.testng.ITestContext)[pri:0, instance:testcases.DashBoardTest@8d7b252]
                     </div>
                     <div>
                        <b>Parameters: </b>
                        
                        org.testng.TestRunner@3d8d52be
                        
                        
                     </div>
                     <div>
                        <b>Start time: </b>19:59:09
                     </div>
                     <div>
                        <b>End time: </b>19:59:09
                     </div>
                     <div>
                        <b>Duration: </b>89 ms
                        
                     </div>
                  </div>
               </td>
            </tr>
            <tr></tr>
         </table>
      </div>
      <div id="testMethodsByClass" style="display: none;">
         <table class="testMethodsTable" cellpadding="0" cellspacing="0">
            <tr>
               <td colspan="4">
                  <h3 style="display: inline;">testcases.DashBoardTest</h3>
               </td>
            </tr>
            <tr class="methodsTableHeader">
               <td width="100%">Name</td>
               <td nowrap="true">Started</td>
               <td nowrap="true">Duration</td>
               <td>Exception</td>
            </tr>
            <tr id="testcases.DashBoardTest_beforeTest_byClass_PASS1_row"
                class="testMethodStatusPASS testMethodStatusCONF">
               <td width="100%" class="firstMethodCell">
                  <a onclick="toggleDetailsVisibility('testcases.DashBoardTest_beforeTest_byClass_PASS1_details')">beforeTest(org.testng.TestRunner@3d8d52be)</a>
               </td>
               <td nowrap="true">19:58:31</td>
               <td nowrap="true" align="right">13 ms
                  
               </td>
               <td nowrap="true">
                   
                  
               </td>
            </tr>
            <tr>
               <td colspan="4" class="detailsBox">
                  <div id="testcases.DashBoardTest_beforeTest_byClass_PASS1_details"
                       class="testMethodDetails">
                     <div>
                        <b>Name: </b>beforeTest
                     </div>
                     <div>
                        <b>Signature: </b>beforeTest(org.testng.ITestContext)[pri:0, instance:testcases.DashBoardTest@8d7b252]
                     </div>
                     <div>
                        <b>Parameters: </b>
                        
                        org.testng.TestRunner@3d8d52be
                        
                        
                     </div>
                     <div>
                        <b>Start time: </b>19:58:31
                     </div>
                     <div>
                        <b>End time: </b>19:58:31
                     </div>
                     <div>
                        <b>Duration: </b>13 ms
                        
                     </div>
                  </div>
               </td>
            </tr>
            <tr></tr>
            <tr id="testcases.DashBoardTest_beforeMethod_byClass_PASS2_row"
                class="testMethodStatusPASS testMethodStatusCONF">
               <td width="100%" class="firstMethodCell">
                  <a onclick="toggleDetailsVisibility('testcases.DashBoardTest_beforeMethod_byClass_PASS2_details')">beforeMethod(org.testng.TestRunner@3d8d52be)</a>
               </td>
               <td nowrap="true">19:58:31</td>
               <td nowrap="true" align="right">1 ms
                  
               </td>
               <td nowrap="true">
                   
                  
               </td>
            </tr>
            <tr>
               <td colspan="4" class="detailsBox">
                  <div id="testcases.DashBoardTest_beforeMethod_byClass_PASS2_details"
                       class="testMethodDetails">
                     <div>
                        <b>Name: </b>beforeMethod
                     </div>
                     <div>
                        <b>Signature: </b>beforeMethod(org.testng.ITestContext)[pri:0, instance:testcases.DashBoardTest@8d7b252]
                     </div>
                     <div>
                        <b>Parameters: </b>
                        
                        org.testng.TestRunner@3d8d52be
                        
                        
                     </div>
                     <div>
                        <b>Start time: </b>19:58:31
                     </div>
                     <div>
                        <b>End time: </b>19:58:31
                     </div>
                     <div>
                        <b>Duration: </b>1 ms
                        
                     </div>
                  </div>
               </td>
            </tr>
            <tr></tr>
            <tr id="testcases.DashBoardTest_verifyAllPets_byClass_FAIL3_row"
                class="testMethodStatusFAIL">
               <td width="100%" class="firstMethodCell">
                  <a onclick="toggleDetailsVisibility('testcases.DashBoardTest_verifyAllPets_byClass_FAIL3_details')">verifyAllPets()</a>
               </td>
               <td nowrap="true">19:58:31</td>
               <td nowrap="true" align="right">29s
                  
               </td>
               <td nowrap="true">
                  <a onclick="toggleDetailsVisibility('testcases.DashBoardTest_verifyAllPets_byClass_FAIL3_exception')">java.lang.ArrayIndexOutOfBoundsException: 
                     Index 2 out of bounds for length 2
                     
                  </a>
                   
                  
               </td>
            </tr>
            <tr>
               <td colspan="4" class="detailsBox">
                  <div id="testcases.DashBoardTest_verifyAllPets_byClass_FAIL3_details"
                       class="testMethodDetails">
                     <div>
                        <b>Name: </b>verifyAllPets
                     </div>
                     <div>
                        <b>Signature: </b>verifyAllPets()[pri:0, instance:testcases.DashBoardTest@8d7b252]
                     </div>
                     <div>
                        <b>Start time: </b>19:58:31
                     </div>
                     <div>
                        <b>End time: </b>19:59:00
                     </div>
                     <div>
                        <b>Duration: </b>29s
                        
                     </div>
                  </div>
               </td>
            </tr>
            <tr>
               <td colspan="4" class="detailsBox">
                  <div id="testcases.DashBoardTest_verifyAllPets_byClass_FAIL3_exception"
                       class="testMethodDetails">
                     <pre style="padding: 5px; margin: 0;">java.lang.ArrayIndexOutOfBoundsException: Index 2 out of bounds for length 2
                        at keywords.ApplicationKeywords.verifyTableEntitites(ApplicationKeywords.java:101)
                        at driver.DriverScript.executeTest(DriverScript.java:76)
                        at testcases.DashBoardTest.verifyAllPets(DashBoardTest.java:54)
                        at java.base/jdk.internal.reflect.DirectMethodHandleAccessor.invoke(DirectMethodHandleAccessor.java:103)
                        at java.base/java.lang.reflect.Method.invoke(Method.java:580)
                        at org.testng.internal.MethodInvocationHelper.invokeMethod(MethodInvocationHelper.java:133)
                        at org.testng.internal.TestInvoker.invokeMethod(TestInvoker.java:598)
                        at org.testng.internal.TestInvoker.invokeTestMethod(TestInvoker.java:173)
                        at org.testng.internal.MethodRunner.runInSequence(MethodRunner.java:46)
                        at org.testng.internal.TestInvoker$MethodInvocationAgent.invoke(TestInvoker.java:824)
                        at org.testng.internal.TestInvoker.invokeTestMethods(TestInvoker.java:146)
                        at org.testng.internal.TestMethodWorker.invokeTestMethods(TestMethodWorker.java:146)
                        at org.testng.internal.TestMethodWorker.run(TestMethodWorker.java:128)
                        at java.base/java.util.ArrayList.forEach(ArrayList.java:1596)
                        at org.testng.TestRunner.privateRun(TestRunner.java:794)
                        at org.testng.TestRunner.run(TestRunner.java:596)
                        at org.testng.SuiteRunner.runTest(SuiteRunner.java:377)
                        at org.testng.SuiteRunner.runSequentially(SuiteRunner.java:371)
                        at org.testng.SuiteRunner.privateRun(SuiteRunner.java:332)
                        at org.testng.SuiteRunner.run(SuiteRunner.java:276)
                        at org.testng.SuiteRunnerWorker.runSuite(SuiteRunnerWorker.java:53)
                        at org.testng.SuiteRunnerWorker.run(SuiteRunnerWorker.java:96)
                        at org.testng.TestNG.runSuitesSequentially(TestNG.java:1212)
                        at org.testng.TestNG.runSuitesLocally(TestNG.java:1134)
                        at org.testng.TestNG.runSuites(TestNG.java:1063)
                        at org.testng.TestNG.run(TestNG.java:1031)
                        at runner.TestNGRunner.run(TestNGRunner.java:86)
                        at runner.JSONRunner.main(JSONRunner.java:109)
                     </pre>
                  </div>
               </td>
            </tr>
            <tr id="testcases.DashBoardTest_beforeMethod_byClass_PASS4_row"
                class="testMethodStatusPASS testMethodStatusCONF">
               <td width="100%" class="firstMethodCell">
                  <a onclick="toggleDetailsVisibility('testcases.DashBoardTest_beforeMethod_byClass_PASS4_details')">beforeMethod(org.testng.TestRunner@3d8d52be)</a>
               </td>
               <td nowrap="true">19:59:00</td>
               <td nowrap="true" align="right">0 ms
                  
               </td>
               <td nowrap="true">
                   
                  
               </td>
            </tr>
            <tr>
               <td colspan="4" class="detailsBox">
                  <div id="testcases.DashBoardTest_beforeMethod_byClass_PASS4_details"
                       class="testMethodDetails">
                     <div>
                        <b>Name: </b>beforeMethod
                     </div>
                     <div>
                        <b>Signature: </b>beforeMethod(org.testng.ITestContext)[pri:0, instance:testcases.DashBoardTest@8d7b252]
                     </div>
                     <div>
                        <b>Parameters: </b>
                        
                        org.testng.TestRunner@3d8d52be
                        
                        
                     </div>
                     <div>
                        <b>Start time: </b>19:59:00
                     </div>
                     <div>
                        <b>End time: </b>19:59:00
                     </div>
                     <div>
                        <b>Duration: </b>0 ms
                        
                     </div>
                  </div>
               </td>
            </tr>
            <tr></tr>
            <tr id="testcases.DashBoardTest_verifyAvailablePets_byClass_PASS5_row"
                class="testMethodStatusPASS">
               <td width="100%" class="firstMethodCell">
                  <a onclick="toggleDetailsVisibility('testcases.DashBoardTest_verifyAvailablePets_byClass_PASS5_details')">verifyAvailablePets(org.testng.TestRunner@3d8d52be)</a>
               </td>
               <td nowrap="true">19:59:00</td>
               <td nowrap="true" align="right">9s
                  
               </td>
               <td nowrap="true">
                   
                  
               </td>
            </tr>
            <tr>
               <td colspan="4" class="detailsBox">
                  <div id="testcases.DashBoardTest_verifyAvailablePets_byClass_PASS5_details"
                       class="testMethodDetails">
                     <div>
                        <b>Name: </b>verifyAvailablePets
                     </div>
                     <div>
                        <b>Signature: </b>verifyAvailablePets(org.testng.ITestContext)[pri:0, instance:testcases.DashBoardTest@8d7b252]
                     </div>
                     <div>
                        <b>Parameters: </b>
                        
                        org.testng.TestRunner@3d8d52be
                        
                        
                     </div>
                     <div>
                        <b>Start time: </b>19:59:00
                     </div>
                     <div>
                        <b>End time: </b>19:59:09
                     </div>
                     <div>
                        <b>Duration: </b>9s
                        
                     </div>
                  </div>
               </td>
            </tr>
            <tr></tr>
            <tr id="testcases.DashBoardTest_quit_byClass_PASS6_row"
                class="testMethodStatusPASS testMethodStatusCONF">
               <td width="100%" class="firstMethodCell">
                  <a onclick="toggleDetailsVisibility('testcases.DashBoardTest_quit_byClass_PASS6_details')">quit(org.testng.TestRunner@3d8d52be)</a>
               </td>
               <td nowrap="true">19:59:09</td>
               <td nowrap="true" align="right">89 ms
                  
               </td>
               <td nowrap="true">
                   
                  
               </td>
            </tr>
            <tr>
               <td colspan="4" class="detailsBox">
                  <div id="testcases.DashBoardTest_quit_byClass_PASS6_details"
                       class="testMethodDetails">
                     <div>
                        <b>Name: </b>quit
                     </div>
                     <div>
                        <b>Signature: </b>quit(org.testng.ITestContext)[pri:0, instance:testcases.DashBoardTest@8d7b252]
                     </div>
                     <div>
                        <b>Parameters: </b>
                        
                        org.testng.TestRunner@3d8d52be
                        
                        
                     </div>
                     <div>
                        <b>Start time: </b>19:59:09
                     </div>
                     <div>
                        <b>End time: </b>19:59:09
                     </div>
                     <div>
                        <b>Duration: </b>89 ms
                        
                     </div>
                  </div>
               </td>
            </tr>
            <tr></tr>
         </table>
         <br></br>
         <table class="testMethodsTable" cellpadding="0" cellspacing="0">
            <tr>
               <td colspan="4">
                  <h3 style="display: inline;">testcases.HomePageTest</h3>
               </td>
            </tr>
            <tr class="methodsTableHeader">
               <td width="100%">Name</td>
               <td nowrap="true">Started</td>
               <td nowrap="true">Duration</td>
               <td>Exception</td>
            </tr>
            <tr id="testcases.HomePageTest_beforeTest_byClass_PASS1_row"
                class="testMethodStatusPASS testMethodStatusCONF">
               <td width="100%" class="firstMethodCell">
                  <a onclick="toggleDetailsVisibility('testcases.HomePageTest_beforeTest_byClass_PASS1_details')">beforeTest(org.testng.TestRunner@69a73867)</a>
               </td>
               <td nowrap="true">19:58:28</td>
               <td nowrap="true" align="right">14 ms
                  
               </td>
               <td nowrap="true">
                   
                  
               </td>
            </tr>
            <tr>
               <td colspan="4" class="detailsBox">
                  <div id="testcases.HomePageTest_beforeTest_byClass_PASS1_details"
                       class="testMethodDetails">
                     <div>
                        <b>Name: </b>beforeTest
                     </div>
                     <div>
                        <b>Signature: </b>beforeTest(org.testng.ITestContext)[pri:0, instance:testcases.HomePageTest@74075134]
                     </div>
                     <div>
                        <b>Parameters: </b>
                        
                        org.testng.TestRunner@69a73867
                        
                        
                     </div>
                     <div>
                        <b>Start time: </b>19:58:28
                     </div>
                     <div>
                        <b>End time: </b>19:58:28
                     </div>
                     <div>
                        <b>Duration: </b>14 ms
                        
                     </div>
                  </div>
               </td>
            </tr>
            <tr></tr>
            <tr id="testcases.HomePageTest_beforeMethod_byClass_PASS2_row"
                class="testMethodStatusPASS testMethodStatusCONF">
               <td width="100%" class="firstMethodCell">
                  <a onclick="toggleDetailsVisibility('testcases.HomePageTest_beforeMethod_byClass_PASS2_details')">beforeMethod(org.testng.TestRunner@69a73867)</a>
               </td>
               <td nowrap="true">19:58:28</td>
               <td nowrap="true" align="right">1 ms
                  
               </td>
               <td nowrap="true">
                   
                  
               </td>
            </tr>
            <tr>
               <td colspan="4" class="detailsBox">
                  <div id="testcases.HomePageTest_beforeMethod_byClass_PASS2_details"
                       class="testMethodDetails">
                     <div>
                        <b>Name: </b>beforeMethod
                     </div>
                     <div>
                        <b>Signature: </b>beforeMethod(org.testng.ITestContext)[pri:0, instance:testcases.HomePageTest@74075134]
                     </div>
                     <div>
                        <b>Parameters: </b>
                        
                        org.testng.TestRunner@69a73867
                        
                        
                     </div>
                     <div>
                        <b>Start time: </b>19:58:28
                     </div>
                     <div>
                        <b>End time: </b>19:58:28
                     </div>
                     <div>
                        <b>Duration: </b>1 ms
                        
                     </div>
                  </div>
               </td>
            </tr>
            <tr></tr>
            <tr id="testcases.HomePageTest_VerifyHomePageTitle_byClass_PASS3_row"
                class="testMethodStatusPASS">
               <td width="100%" class="firstMethodCell">
                  <a onclick="toggleDetailsVisibility('testcases.HomePageTest_VerifyHomePageTitle_byClass_PASS3_details')">VerifyHomePageTitle()</a>
               </td>
               <td nowrap="true">19:58:28</td>
               <td nowrap="true" align="right">3s
                  
               </td>
               <td nowrap="true">
                   
                  
               </td>
            </tr>
            <tr>
               <td colspan="4" class="detailsBox">
                  <div id="testcases.HomePageTest_VerifyHomePageTitle_byClass_PASS3_details"
                       class="testMethodDetails">
                     <div>
                        <b>Name: </b>VerifyHomePageTitle
                     </div>
                     <div>
                        <b>Signature: </b>VerifyHomePageTitle()[pri:0, instance:testcases.HomePageTest@74075134]
                     </div>
                     <div>
                        <b>Start time: </b>19:58:28
                     </div>
                     <div>
                        <b>End time: </b>19:58:31
                     </div>
                     <div>
                        <b>Duration: </b>3s
                        
                     </div>
                  </div>
               </td>
            </tr>
            <tr></tr>
            <tr id="testcases.HomePageTest_quit_byClass_PASS4_row"
                class="testMethodStatusPASS testMethodStatusCONF">
               <td width="100%" class="firstMethodCell">
                  <a onclick="toggleDetailsVisibility('testcases.HomePageTest_quit_byClass_PASS4_details')">quit(org.testng.TestRunner@69a73867)</a>
               </td>
               <td nowrap="true">19:58:31</td>
               <td nowrap="true" align="right">83 ms
                  
               </td>
               <td nowrap="true">
                   
                  
               </td>
            </tr>
            <tr>
               <td colspan="4" class="detailsBox">
                  <div id="testcases.HomePageTest_quit_byClass_PASS4_details"
                       class="testMethodDetails">
                     <div>
                        <b>Name: </b>quit
                     </div>
                     <div>
                        <b>Signature: </b>quit(org.testng.ITestContext)[pri:0, instance:testcases.HomePageTest@74075134]
                     </div>
                     <div>
                        <b>Parameters: </b>
                        
                        org.testng.TestRunner@69a73867
                        
                        
                     </div>
                     <div>
                        <b>Start time: </b>19:58:31
                     </div>
                     <div>
                        <b>End time: </b>19:58:31
                     </div>
                     <div>
                        <b>Duration: </b>83 ms
                        
                     </div>
                  </div>
               </td>
            </tr>
            <tr></tr>
         </table>
         <br></br>
         <table class="testMethodsTable" cellpadding="0" cellspacing="0">
            <tr>
               <td colspan="4">
                  <h3 style="display: inline;">testcases.StoreEntryTest</h3>
               </td>
            </tr>
            <tr class="methodsTableHeader">
               <td width="100%">Name</td>
               <td nowrap="true">Started</td>
               <td nowrap="true">Duration</td>
               <td>Exception</td>
            </tr>
            <tr id="testcases.StoreEntryTest_beforeTest_byClass_PASS1_row"
                class="testMethodStatusPASS testMethodStatusCONF">
               <td width="100%" class="firstMethodCell">
                  <a onclick="toggleDetailsVisibility('testcases.StoreEntryTest_beforeTest_byClass_PASS1_details')">beforeTest(org.testng.TestRunner@16a09809)</a>
               </td>
               <td nowrap="true">19:58:12</td>
               <td nowrap="true" align="right">166 ms
                  
               </td>
               <td nowrap="true">
                   
                  
               </td>
            </tr>
            <tr>
               <td colspan="4" class="detailsBox">
                  <div id="testcases.StoreEntryTest_beforeTest_byClass_PASS1_details"
                       class="testMethodDetails">
                     <div>
                        <b>Name: </b>beforeTest
                     </div>
                     <div>
                        <b>Signature: </b>beforeTest(org.testng.ITestContext)[pri:0, instance:testcases.StoreEntryTest@11a00961]
                     </div>
                     <div>
                        <b>Parameters: </b>
                        
                        org.testng.TestRunner@16a09809
                        
                        
                     </div>
                     <div>
                        <b>Start time: </b>19:58:12
                     </div>
                     <div>
                        <b>End time: </b>19:58:13
                     </div>
                     <div>
                        <b>Duration: </b>166 ms
                        
                     </div>
                  </div>
               </td>
            </tr>
            <tr></tr>
            <tr id="testcases.StoreEntryTest_beforeMethod_byClass_PASS2_row"
                class="testMethodStatusPASS testMethodStatusCONF">
               <td width="100%" class="firstMethodCell">
                  <a onclick="toggleDetailsVisibility('testcases.StoreEntryTest_beforeMethod_byClass_PASS2_details')">beforeMethod(org.testng.TestRunner@16a09809)</a>
               </td>
               <td nowrap="true">19:58:13</td>
               <td nowrap="true" align="right">1 ms
                  
               </td>
               <td nowrap="true">
                   
                  
               </td>
            </tr>
            <tr>
               <td colspan="4" class="detailsBox">
                  <div id="testcases.StoreEntryTest_beforeMethod_byClass_PASS2_details"
                       class="testMethodDetails">
                     <div>
                        <b>Name: </b>beforeMethod
                     </div>
                     <div>
                        <b>Signature: </b>beforeMethod(org.testng.ITestContext)[pri:0, instance:testcases.StoreEntryTest@11a00961]
                     </div>
                     <div>
                        <b>Parameters: </b>
                        
                        org.testng.TestRunner@16a09809
                        
                        
                     </div>
                     <div>
                        <b>Start time: </b>19:58:13
                     </div>
                     <div>
                        <b>End time: </b>19:58:13
                     </div>
                     <div>
                        <b>Duration: </b>1 ms
                        
                     </div>
                  </div>
               </td>
            </tr>
            <tr></tr>
            <tr id="testcases.StoreEntryTest_VerifyStoreEntryTitle_byClass_PASS3_row"
                class="testMethodStatusPASS">
               <td width="100%" class="firstMethodCell">
                  <a onclick="toggleDetailsVisibility('testcases.StoreEntryTest_VerifyStoreEntryTitle_byClass_PASS3_details')">VerifyStoreEntryTitle()</a>
               </td>
               <td nowrap="true">19:58:13</td>
               <td nowrap="true" align="right">4s
                  
               </td>
               <td nowrap="true">
                   
                  
               </td>
            </tr>
            <tr>
               <td colspan="4" class="detailsBox">
                  <div id="testcases.StoreEntryTest_VerifyStoreEntryTitle_byClass_PASS3_details"
                       class="testMethodDetails">
                     <div>
                        <b>Name: </b>VerifyStoreEntryTitle
                     </div>
                     <div>
                        <b>Signature: </b>VerifyStoreEntryTitle()[pri:0, instance:testcases.StoreEntryTest@11a00961]
                     </div>
                     <div>
                        <b>Start time: </b>19:58:13
                     </div>
                     <div>
                        <b>End time: </b>19:58:16
                     </div>
                     <div>
                        <b>Duration: </b>4s
                        
                     </div>
                  </div>
               </td>
            </tr>
            <tr></tr>
            <tr id="testcases.StoreEntryTest_beforeMethod_byClass_PASS4_row"
                class="testMethodStatusPASS testMethodStatusCONF">
               <td width="100%" class="firstMethodCell">
                  <a onclick="toggleDetailsVisibility('testcases.StoreEntryTest_beforeMethod_byClass_PASS4_details')">beforeMethod(org.testng.TestRunner@16a09809)</a>
               </td>
               <td nowrap="true">19:58:16</td>
               <td nowrap="true" align="right">1 ms
                  
               </td>
               <td nowrap="true">
                   
                  
               </td>
            </tr>
            <tr>
               <td colspan="4" class="detailsBox">
                  <div id="testcases.StoreEntryTest_beforeMethod_byClass_PASS4_details"
                       class="testMethodDetails">
                     <div>
                        <b>Name: </b>beforeMethod
                     </div>
                     <div>
                        <b>Signature: </b>beforeMethod(org.testng.ITestContext)[pri:0, instance:testcases.StoreEntryTest@11a00961]
                     </div>
                     <div>
                        <b>Parameters: </b>
                        
                        org.testng.TestRunner@16a09809
                        
                        
                     </div>
                     <div>
                        <b>Start time: </b>19:58:16
                     </div>
                     <div>
                        <b>End time: </b>19:58:16
                     </div>
                     <div>
                        <b>Duration: </b>1 ms
                        
                     </div>
                  </div>
               </td>
            </tr>
            <tr></tr>
            <tr id="testcases.StoreEntryTest_VerifySignInButtonPresence_byClass_PASS5_row"
                class="testMethodStatusPASS">
               <td width="100%" class="firstMethodCell">
                  <a onclick="toggleDetailsVisibility('testcases.StoreEntryTest_VerifySignInButtonPresence_byClass_PASS5_details')">VerifySignInButtonPresence()</a>
               </td>
               <td nowrap="true">19:58:16</td>
               <td nowrap="true" align="right">3s
                  
               </td>
               <td nowrap="true">
                   
                  
               </td>
            </tr>
            <tr>
               <td colspan="4" class="detailsBox">
                  <div id="testcases.StoreEntryTest_VerifySignInButtonPresence_byClass_PASS5_details"
                       class="testMethodDetails">
                     <div>
                        <b>Name: </b>VerifySignInButtonPresence
                     </div>
                     <div>
                        <b>Signature: </b>VerifySignInButtonPresence()[pri:0, instance:testcases.StoreEntryTest@11a00961]
                     </div>
                     <div>
                        <b>Start time: </b>19:58:16
                     </div>
                     <div>
                        <b>End time: </b>19:58:20
                     </div>
                     <div>
                        <b>Duration: </b>3s
                        
                     </div>
                  </div>
               </td>
            </tr>
            <tr></tr>
            <tr id="testcases.StoreEntryTest_beforeMethod_byClass_PASS6_row"
                class="testMethodStatusPASS testMethodStatusCONF">
               <td width="100%" class="firstMethodCell">
                  <a onclick="toggleDetailsVisibility('testcases.StoreEntryTest_beforeMethod_byClass_PASS6_details')">beforeMethod(org.testng.TestRunner@16a09809)</a>
               </td>
               <td nowrap="true">19:58:20</td>
               <td nowrap="true" align="right">0 ms
                  
               </td>
               <td nowrap="true">
                   
                  
               </td>
            </tr>
            <tr>
               <td colspan="4" class="detailsBox">
                  <div id="testcases.StoreEntryTest_beforeMethod_byClass_PASS6_details"
                       class="testMethodDetails">
                     <div>
                        <b>Name: </b>beforeMethod
                     </div>
                     <div>
                        <b>Signature: </b>beforeMethod(org.testng.ITestContext)[pri:0, instance:testcases.StoreEntryTest@11a00961]
                     </div>
                     <div>
                        <b>Parameters: </b>
                        
                        org.testng.TestRunner@16a09809
                        
                        
                     </div>
                     <div>
                        <b>Start time: </b>19:58:20
                     </div>
                     <div>
                        <b>End time: </b>19:58:20
                     </div>
                     <div>
                        <b>Duration: </b>0 ms
                        
                     </div>
                  </div>
               </td>
            </tr>
            <tr></tr>
            <tr id="testcases.StoreEntryTest_Verifylogin_byClass_PASS7_row"
                class="testMethodStatusPASS">
               <td width="100%" class="firstMethodCell">
                  <a onclick="toggleDetailsVisibility('testcases.StoreEntryTest_Verifylogin_byClass_PASS7_details')">Verifylogin()</a>
               </td>
               <td nowrap="true">19:58:20</td>
               <td nowrap="true" align="right">8s
                  
               </td>
               <td nowrap="true">
                   
                  
               </td>
            </tr>
            <tr>
               <td colspan="4" class="detailsBox">
                  <div id="testcases.StoreEntryTest_Verifylogin_byClass_PASS7_details"
                       class="testMethodDetails">
                     <div>
                        <b>Name: </b>Verifylogin
                     </div>
                     <div>
                        <b>Signature: </b>Verifylogin()[pri:0, instance:testcases.StoreEntryTest@11a00961]
                     </div>
                     <div>
                        <b>Start time: </b>19:58:20
                     </div>
                     <div>
                        <b>End time: </b>19:58:28
                     </div>
                     <div>
                        <b>Duration: </b>8s
                        
                     </div>
                  </div>
               </td>
            </tr>
            <tr></tr>
            <tr id="testcases.StoreEntryTest_quit_byClass_PASS8_row"
                class="testMethodStatusPASS testMethodStatusCONF">
               <td width="100%" class="firstMethodCell">
                  <a onclick="toggleDetailsVisibility('testcases.StoreEntryTest_quit_byClass_PASS8_details')">quit(org.testng.TestRunner@16a09809)</a>
               </td>
               <td nowrap="true">19:58:28</td>
               <td nowrap="true" align="right">266 ms
                  
               </td>
               <td nowrap="true">
                   
                  
               </td>
            </tr>
            <tr>
               <td colspan="4" class="detailsBox">
                  <div id="testcases.StoreEntryTest_quit_byClass_PASS8_details"
                       class="testMethodDetails">
                     <div>
                        <b>Name: </b>quit
                     </div>
                     <div>
                        <b>Signature: </b>quit(org.testng.ITestContext)[pri:0, instance:testcases.StoreEntryTest@11a00961]
                     </div>
                     <div>
                        <b>Parameters: </b>
                        
                        org.testng.TestRunner@16a09809
                        
                        
                     </div>
                     <div>
                        <b>Start time: </b>19:58:28
                     </div>
                     <div>
                        <b>End time: </b>19:58:28
                     </div>
                     <div>
                        <b>Duration: </b>266 ms
                        
                     </div>
                  </div>
               </td>
            </tr>
            <tr></tr>
         </table>
         <br></br>
      </div>
      <div style="margin-top: 15px; color: gray; text-align: center; font-size: 9px;">
         Generated with
         
         <a href="http://code.google.com/p/testng-xslt/" style="color: #8888aa;"
            target="_blank">
            TestNG XSLT
            
         </a>
      </div>
   </body>
</html>