<html xmlns:math="http://exslt.org/math" xmlns:testng="http://testng.org">
   <head>
      <title>TestNG Results</title>
      <meta http-equiv="content-type" content="text/html; charset=utf-8"></meta>
      <meta http-equiv="pragma" content="no-cache"></meta>
      <meta http-equiv="cache-control" content="max-age=0"></meta>
      <meta http-equiv="cache-control" content="no-cache"></meta>
      <meta http-equiv="cache-control" content="no-store"></meta>
      <LINK rel="stylesheet" href="style.css"></LINK>
      <script type="text/javascript" src="main.js"></script>
   </head>
   <body>
      <table width="100%" style="font-size: 16px; margin-bottom: 10px;" cellspacing="1">
         <tr>
            <td width="100%">
               Test case
               
               <b>verifyAllPets</b>
            </td>
            <td style="background-color: #FFBBBB; padding: 3px 3px 3px 0;" align="center">
               <div style="width: 50px;">1</div>
            </td>
            <td style="background-color: lightgreen; padding: 3px 3px 3px 0;" align="center">
               <div style="width: 50px;">0</div>
            </td>
            <td style="background-color: #FFFFBB; padding: 3px 3px 3px 0;" align="center">
               <div style="width: 50px;">0</div>
            </td>
            <td align="center" style="background-color: #eaf0f7; padding: 3px 3px 3px 0;">
               <div style="width: 50px;">1</div>
            </td>
            <td align="center"
                style="font-weight: bold; background-color: #eaf0f7; padding: 3px 3px 3px 0;">
               <div style="width: 50px;">0%</div>
            </td>
            <td style="background-color: #eaf0f7; padding: 3px 3px 3px 0;" align="center"
                nowrap="true">12s
               
            </td>
         </tr>
      </table>
      <div style="width: 200px;">
         <label for="groupMethodsCheckBox" style="font-weight: bold; margin: 0;">
            <input id="groupMethodsCheckBox" type="checkbox" onclick="switchTestMethodsView(this)"></input>
            Group by class
            
         </label>
         <br></br>
         <label for="methodsFilter_ALL" style="font-weight: bold; margin: 0;">
            <input id="methodsFilter_ALL" type="checkbox"
                   onclick="testMethodsFilterChanged(this, 'ALL')"></input>
            All
            
         </label>
      </div>
      <label for="methodsFilter_FAIL" style="margin-left: 20px;">
         <input id="methodsFilter_FAIL" type="checkbox"
                onclick="testMethodsFilterChanged(this, 'FAIL')"
                checked=""></input>
         Failed
         
      </label>
      <label for="methodsFilter_PASS">
         <input id="methodsFilter_PASS" type="checkbox"
                onclick="testMethodsFilterChanged(this, 'PASS')"
                checked=""></input>
         Passed
         
      </label>
      <label for="methodsFilter_SKIP">
         <input id="methodsFilter_SKIP" type="checkbox"
                onclick="testMethodsFilterChanged(this, 'SKIP')"
                checked=""></input>
         Skipped
         
      </label>
      <label for="methodsFilter_CONF">
         <input id="methodsFilter_CONF" type="checkbox"
                onclick="testMethodsFilterChanged(this, 'CONF')"></input>
         Config
         
      </label>
      <br></br>
      <div id="testMethodsByStatus">
         <table class="testMethodsTable" cellpadding="0" cellspacing="0">
            <tr class="methodsTableHeader">
               <td width="100%">Name</td>
               <td nowrap="true">Started</td>
               <td nowrap="true">Duration</td>
               <td>Exception</td>
            </tr>
            <tr id="testcases.DashBoardTest_verifyAllPets_byStatus_failed_FAIL1_row"
                class="testMethodStatusFAIL">
               <td width="100%" class="firstMethodCell">
                  <a onclick="toggleDetailsVisibility('testcases.DashBoardTest_verifyAllPets_byStatus_failed_FAIL1_details')">verifyAllPets(chrome
                     
                     ,
                     
                     Y
                     
                     ,
                     
                     j2ee
                     
                     ,
                     
                     j2ee)
                  </a>
               </td>
               <td nowrap="true">18:48:03</td>
               <td nowrap="true" align="right">11s
                  
               </td>
               <td nowrap="true">
                  <a onclick="toggleDetailsVisibility('testcases.DashBoardTest_verifyAllPets_byStatus_failed_FAIL1_exception')">java.lang.NullPointerException: </a>
                   
                  
               </td>
            </tr>
            <tr>
               <td colspan="4" class="detailsBox">
                  <div id="testcases.DashBoardTest_verifyAllPets_byStatus_failed_FAIL1_details"
                       class="testMethodDetails">
                     <div>
                        <b>Name: </b>verifyAllPets
                     </div>
                     <div>
                        <b>Signature: </b>verifyAllPets(java.lang.String,java.lang.String,java.lang.String,java.lang.String)[pri:0, instance:testcases.DashBoardTest@6bcbf05b]
                     </div>
                     <div>
                        <b>Parameters: </b>
                        
                        chrome
                        
                        ,
                        
                        Y
                        
                        ,
                        
                        j2ee
                        
                        ,
                        
                        j2ee
                        
                        
                     </div>
                     <div>
                        <b>Start time: </b>18:48:03
                     </div>
                     <div>
                        <b>End time: </b>18:48:14
                     </div>
                     <div>
                        <b>Duration: </b>11s
                        
                     </div>
                  </div>
               </td>
            </tr>
            <tr>
               <td colspan="4" class="detailsBox">
                  <div id="testcases.DashBoardTest_verifyAllPets_byStatus_failed_FAIL1_exception"
                       class="testMethodDetails">
                     <pre style="padding: 5px; margin: 0;">java.lang.NullPointerException
                        at testcases.DashBoardTest.verifyAllPets(DashBoardTest.java:62)
                        at java.base/jdk.internal.reflect.NativeMethodAccessorImpl.invoke0(Native Method)
                        at java.base/jdk.internal.reflect.NativeMethodAccessorImpl.invoke(NativeMethodAccessorImpl.java:62)
                        at java.base/jdk.internal.reflect.DelegatingMethodAccessorImpl.invoke(DelegatingMethodAccessorImpl.java:43)
                        at java.base/java.lang.reflect.Method.invoke(Method.java:567)
                        at org.testng.internal.invokers.MethodInvocationHelper.invokeMethod(MethodInvocationHelper.java:139)
                        at org.testng.internal.invokers.TestInvoker.invokeMethod(TestInvoker.java:664)
                        at org.testng.internal.invokers.TestInvoker.invokeTestMethod(TestInvoker.java:228)
                        at org.testng.internal.invokers.MethodRunner.runInSequence(MethodRunner.java:63)
                        at org.testng.internal.invokers.TestInvoker$MethodInvocationAgent.invoke(TestInvoker.java:961)
                        at org.testng.internal.invokers.TestInvoker.invokeTestMethods(TestInvoker.java:201)
                        at org.testng.internal.invokers.TestMethodWorker.invokeTestMethods(TestMethodWorker.java:148)
                        at org.testng.internal.invokers.TestMethodWorker.run(TestMethodWorker.java:128)
                        at java.base/java.util.ArrayList.forEach(ArrayList.java:1540)
                        at org.testng.TestRunner.privateRun(TestRunner.java:819)
                        at org.testng.TestRunner.run(TestRunner.java:619)
                        at org.testng.SuiteRunner.runTest(SuiteRunner.java:443)
                        at org.testng.SuiteRunner.runSequentially(SuiteRunner.java:437)
                        at org.testng.SuiteRunner.privateRun(SuiteRunner.java:397)
                        at org.testng.SuiteRunner.run(SuiteRunner.java:336)
                        at org.testng.SuiteRunnerWorker.runSuite(SuiteRunnerWorker.java:52)
                        at org.testng.SuiteRunnerWorker.run(SuiteRunnerWorker.java:95)
                        at org.testng.TestNG.runSuitesSequentially(TestNG.java:1301)
                        at org.testng.TestNG.runSuitesLocally(TestNG.java:1228)
                        at org.testng.TestNG.runSuites(TestNG.java:1134)
                        at org.testng.TestNG.run(TestNG.java:1101)
                        at org.testng.TestNG.privateMain(TestNG.java:1461)
                        at org.testng.TestNG.main(TestNG.java:1425)
                     </pre>
                  </div>
               </td>
            </tr>
            <tr id="testcases.DashBoardTest_beforeTest_byStatus_passed_PASS1_row"
                class="testMethodStatusPASS testMethodStatusCONF">
               <td width="100%" class="firstMethodCell">
                  <a onclick="toggleDetailsVisibility('testcases.DashBoardTest_beforeTest_byStatus_passed_PASS1_details')">beforeTest(org.testng.TestRunner@10745a02)</a>
               </td>
               <td nowrap="true">18:48:03</td>
               <td nowrap="true" align="right">2 ms
                  
               </td>
               <td nowrap="true">
                   
                  
               </td>
            </tr>
            <tr>
               <td colspan="4" class="detailsBox">
                  <div id="testcases.DashBoardTest_beforeTest_byStatus_passed_PASS1_details"
                       class="testMethodDetails">
                     <div>
                        <b>Name: </b>beforeTest
                     </div>
                     <div>
                        <b>Signature: </b>beforeTest(org.testng.ITestContext)[pri:0, instance:testcases.DashBoardTest@6bcbf05b]
                     </div>
                     <div>
                        <b>Parameters: </b>
                        
                        org.testng.TestRunner@10745a02
                        
                        
                     </div>
                     <div>
                        <b>Start time: </b>18:48:03
                     </div>
                     <div>
                        <b>End time: </b>18:48:03
                     </div>
                     <div>
                        <b>Duration: </b>2 ms
                        
                     </div>
                  </div>
               </td>
            </tr>
            <tr></tr>
            <tr id="testcases.DashBoardTest_beforeMethod_byStatus_passed_PASS2_row"
                class="testMethodStatusPASS testMethodStatusCONF">
               <td width="100%" class="firstMethodCell">
                  <a onclick="toggleDetailsVisibility('testcases.DashBoardTest_beforeMethod_byStatus_passed_PASS2_details')">beforeMethod(org.testng.TestRunner@10745a02)</a>
               </td>
               <td nowrap="true">18:48:03</td>
               <td nowrap="true" align="right">1 ms
                  
               </td>
               <td nowrap="true">
                   
                  
               </td>
            </tr>
            <tr>
               <td colspan="4" class="detailsBox">
                  <div id="testcases.DashBoardTest_beforeMethod_byStatus_passed_PASS2_details"
                       class="testMethodDetails">
                     <div>
                        <b>Name: </b>beforeMethod
                     </div>
                     <div>
                        <b>Signature: </b>beforeMethod(org.testng.ITestContext)[pri:0, instance:testcases.DashBoardTest@6bcbf05b]
                     </div>
                     <div>
                        <b>Parameters: </b>
                        
                        org.testng.TestRunner@10745a02
                        
                        
                     </div>
                     <div>
                        <b>Start time: </b>18:48:03
                     </div>
                     <div>
                        <b>End time: </b>18:48:03
                     </div>
                     <div>
                        <b>Duration: </b>1 ms
                        
                     </div>
                  </div>
               </td>
            </tr>
            <tr></tr>
            <tr id="testcases.DashBoardTest_quit_byStatus_passed_PASS3_row"
                class="testMethodStatusPASS testMethodStatusCONF">
               <td width="100%" class="firstMethodCell">
                  <a onclick="toggleDetailsVisibility('testcases.DashBoardTest_quit_byStatus_passed_PASS3_details')">quit(org.testng.TestRunner@10745a02)</a>
               </td>
               <td nowrap="true">18:48:14</td>
               <td nowrap="true" align="right">612 ms
                  
               </td>
               <td nowrap="true">
                   
                  
               </td>
            </tr>
            <tr>
               <td colspan="4" class="detailsBox">
                  <div id="testcases.DashBoardTest_quit_byStatus_passed_PASS3_details"
                       class="testMethodDetails">
                     <div>
                        <b>Name: </b>quit
                     </div>
                     <div>
                        <b>Signature: </b>quit(org.testng.ITestContext)[pri:0, instance:testcases.DashBoardTest@6bcbf05b]
                     </div>
                     <div>
                        <b>Parameters: </b>
                        
                        org.testng.TestRunner@10745a02
                        
                        
                     </div>
                     <div>
                        <b>Start time: </b>18:48:14
                     </div>
                     <div>
                        <b>End time: </b>18:48:15
                     </div>
                     <div>
                        <b>Duration: </b>612 ms
                        
                     </div>
                  </div>
               </td>
            </tr>
            <tr></tr>
         </table>
      </div>
      <div id="testMethodsByClass" style="display: none;">
         <table class="testMethodsTable" cellpadding="0" cellspacing="0">
            <tr>
               <td colspan="4">
                  <h3 style="display: inline;">testcases.DashBoardTest</h3>
               </td>
            </tr>
            <tr class="methodsTableHeader">
               <td width="100%">Name</td>
               <td nowrap="true">Started</td>
               <td nowrap="true">Duration</td>
               <td>Exception</td>
            </tr>
            <tr id="testcases.DashBoardTest_beforeTest_byClass_PASS1_row"
                class="testMethodStatusPASS testMethodStatusCONF">
               <td width="100%" class="firstMethodCell">
                  <a onclick="toggleDetailsVisibility('testcases.DashBoardTest_beforeTest_byClass_PASS1_details')">beforeTest(org.testng.TestRunner@10745a02)</a>
               </td>
               <td nowrap="true">18:48:03</td>
               <td nowrap="true" align="right">2 ms
                  
               </td>
               <td nowrap="true">
                   
                  
               </td>
            </tr>
            <tr>
               <td colspan="4" class="detailsBox">
                  <div id="testcases.DashBoardTest_beforeTest_byClass_PASS1_details"
                       class="testMethodDetails">
                     <div>
                        <b>Name: </b>beforeTest
                     </div>
                     <div>
                        <b>Signature: </b>beforeTest(org.testng.ITestContext)[pri:0, instance:testcases.DashBoardTest@6bcbf05b]
                     </div>
                     <div>
                        <b>Parameters: </b>
                        
                        org.testng.TestRunner@10745a02
                        
                        
                     </div>
                     <div>
                        <b>Start time: </b>18:48:03
                     </div>
                     <div>
                        <b>End time: </b>18:48:03
                     </div>
                     <div>
                        <b>Duration: </b>2 ms
                        
                     </div>
                  </div>
               </td>
            </tr>
            <tr></tr>
            <tr id="testcases.DashBoardTest_beforeMethod_byClass_PASS2_row"
                class="testMethodStatusPASS testMethodStatusCONF">
               <td width="100%" class="firstMethodCell">
                  <a onclick="toggleDetailsVisibility('testcases.DashBoardTest_beforeMethod_byClass_PASS2_details')">beforeMethod(org.testng.TestRunner@10745a02)</a>
               </td>
               <td nowrap="true">18:48:03</td>
               <td nowrap="true" align="right">1 ms
                  
               </td>
               <td nowrap="true">
                   
                  
               </td>
            </tr>
            <tr>
               <td colspan="4" class="detailsBox">
                  <div id="testcases.DashBoardTest_beforeMethod_byClass_PASS2_details"
                       class="testMethodDetails">
                     <div>
                        <b>Name: </b>beforeMethod
                     </div>
                     <div>
                        <b>Signature: </b>beforeMethod(org.testng.ITestContext)[pri:0, instance:testcases.DashBoardTest@6bcbf05b]
                     </div>
                     <div>
                        <b>Parameters: </b>
                        
                        org.testng.TestRunner@10745a02
                        
                        
                     </div>
                     <div>
                        <b>Start time: </b>18:48:03
                     </div>
                     <div>
                        <b>End time: </b>18:48:03
                     </div>
                     <div>
                        <b>Duration: </b>1 ms
                        
                     </div>
                  </div>
               </td>
            </tr>
            <tr></tr>
            <tr id="testcases.DashBoardTest_verifyAllPets_byClass_FAIL3_row"
                class="testMethodStatusFAIL">
               <td width="100%" class="firstMethodCell">
                  <a onclick="toggleDetailsVisibility('testcases.DashBoardTest_verifyAllPets_byClass_FAIL3_details')">verifyAllPets(chrome
                     
                     ,
                     
                     Y
                     
                     ,
                     
                     j2ee
                     
                     ,
                     
                     j2ee)
                  </a>
               </td>
               <td nowrap="true">18:48:03</td>
               <td nowrap="true" align="right">11s
                  
               </td>
               <td nowrap="true">
                  <a onclick="toggleDetailsVisibility('testcases.DashBoardTest_verifyAllPets_byClass_FAIL3_exception')">java.lang.NullPointerException: </a>
                   
                  
               </td>
            </tr>
            <tr>
               <td colspan="4" class="detailsBox">
                  <div id="testcases.DashBoardTest_verifyAllPets_byClass_FAIL3_details"
                       class="testMethodDetails">
                     <div>
                        <b>Name: </b>verifyAllPets
                     </div>
                     <div>
                        <b>Signature: </b>verifyAllPets(java.lang.String,java.lang.String,java.lang.String,java.lang.String)[pri:0, instance:testcases.DashBoardTest@6bcbf05b]
                     </div>
                     <div>
                        <b>Parameters: </b>
                        
                        chrome
                        
                        ,
                        
                        Y
                        
                        ,
                        
                        j2ee
                        
                        ,
                        
                        j2ee
                        
                        
                     </div>
                     <div>
                        <b>Start time: </b>18:48:03
                     </div>
                     <div>
                        <b>End time: </b>18:48:14
                     </div>
                     <div>
                        <b>Duration: </b>11s
                        
                     </div>
                  </div>
               </td>
            </tr>
            <tr>
               <td colspan="4" class="detailsBox">
                  <div id="testcases.DashBoardTest_verifyAllPets_byClass_FAIL3_exception"
                       class="testMethodDetails">
                     <pre style="padding: 5px; margin: 0;">java.lang.NullPointerException
                        at testcases.DashBoardTest.verifyAllPets(DashBoardTest.java:62)
                        at java.base/jdk.internal.reflect.NativeMethodAccessorImpl.invoke0(Native Method)
                        at java.base/jdk.internal.reflect.NativeMethodAccessorImpl.invoke(NativeMethodAccessorImpl.java:62)
                        at java.base/jdk.internal.reflect.DelegatingMethodAccessorImpl.invoke(DelegatingMethodAccessorImpl.java:43)
                        at java.base/java.lang.reflect.Method.invoke(Method.java:567)
                        at org.testng.internal.invokers.MethodInvocationHelper.invokeMethod(MethodInvocationHelper.java:139)
                        at org.testng.internal.invokers.TestInvoker.invokeMethod(TestInvoker.java:664)
                        at org.testng.internal.invokers.TestInvoker.invokeTestMethod(TestInvoker.java:228)
                        at org.testng.internal.invokers.MethodRunner.runInSequence(MethodRunner.java:63)
                        at org.testng.internal.invokers.TestInvoker$MethodInvocationAgent.invoke(TestInvoker.java:961)
                        at org.testng.internal.invokers.TestInvoker.invokeTestMethods(TestInvoker.java:201)
                        at org.testng.internal.invokers.TestMethodWorker.invokeTestMethods(TestMethodWorker.java:148)
                        at org.testng.internal.invokers.TestMethodWorker.run(TestMethodWorker.java:128)
                        at java.base/java.util.ArrayList.forEach(ArrayList.java:1540)
                        at org.testng.TestRunner.privateRun(TestRunner.java:819)
                        at org.testng.TestRunner.run(TestRunner.java:619)
                        at org.testng.SuiteRunner.runTest(SuiteRunner.java:443)
                        at org.testng.SuiteRunner.runSequentially(SuiteRunner.java:437)
                        at org.testng.SuiteRunner.privateRun(SuiteRunner.java:397)
                        at org.testng.SuiteRunner.run(SuiteRunner.java:336)
                        at org.testng.SuiteRunnerWorker.runSuite(SuiteRunnerWorker.java:52)
                        at org.testng.SuiteRunnerWorker.run(SuiteRunnerWorker.java:95)
                        at org.testng.TestNG.runSuitesSequentially(TestNG.java:1301)
                        at org.testng.TestNG.runSuitesLocally(TestNG.java:1228)
                        at org.testng.TestNG.runSuites(TestNG.java:1134)
                        at org.testng.TestNG.run(TestNG.java:1101)
                        at org.testng.TestNG.privateMain(TestNG.java:1461)
                        at org.testng.TestNG.main(TestNG.java:1425)
                     </pre>
                  </div>
               </td>
            </tr>
            <tr id="testcases.DashBoardTest_quit_byClass_PASS4_row"
                class="testMethodStatusPASS testMethodStatusCONF">
               <td width="100%" class="firstMethodCell">
                  <a onclick="toggleDetailsVisibility('testcases.DashBoardTest_quit_byClass_PASS4_details')">quit(org.testng.TestRunner@10745a02)</a>
               </td>
               <td nowrap="true">18:48:14</td>
               <td nowrap="true" align="right">612 ms
                  
               </td>
               <td nowrap="true">
                   
                  
               </td>
            </tr>
            <tr>
               <td colspan="4" class="detailsBox">
                  <div id="testcases.DashBoardTest_quit_byClass_PASS4_details"
                       class="testMethodDetails">
                     <div>
                        <b>Name: </b>quit
                     </div>
                     <div>
                        <b>Signature: </b>quit(org.testng.ITestContext)[pri:0, instance:testcases.DashBoardTest@6bcbf05b]
                     </div>
                     <div>
                        <b>Parameters: </b>
                        
                        org.testng.TestRunner@10745a02
                        
                        
                     </div>
                     <div>
                        <b>Start time: </b>18:48:14
                     </div>
                     <div>
                        <b>End time: </b>18:48:15
                     </div>
                     <div>
                        <b>Duration: </b>612 ms
                        
                     </div>
                  </div>
               </td>
            </tr>
            <tr></tr>
         </table>
         <br></br>
      </div>
      <div style="margin-top: 15px; color: gray; text-align: center; font-size: 9px;">
         Generated with
         
         <a href="http://code.google.com/p/testng-xslt/" style="color: #8888aa;"
            target="_blank">
            TestNG XSLT
            
         </a>
      </div>
   </body>
</html>