<html xmlns:math="http://exslt.org/math" xmlns:testng="http://testng.org">
   <head>
      <title>TestNG Results</title>
      <meta http-equiv="content-type" content="text/html; charset=utf-8"></meta>
      <meta http-equiv="pragma" content="no-cache"></meta>
      <meta http-equiv="cache-control" content="max-age=0"></meta>
      <meta http-equiv="cache-control" content="no-cache"></meta>
      <meta http-equiv="cache-control" content="no-store"></meta>
      <LINK rel="stylesheet" href="style.css"></LINK>
      <script type="text/javascript" src="main.js"></script>
   </head>
   <body>
      <table width="100%" style="font-size: 16px; margin-bottom: 10px;" cellspacing="1">
         <tr>
            <td width="100%">
               All methods in suite
               
               <b>JPetStore</b>
            </td>
            <td style="background-color: #FFBBBB; padding: 3px 3px 3px 0;" align="center">
               <div style="width: 50px;">1</div>
            </td>
            <td style="background-color: lightgreen; padding: 3px 3px 3px 0;" align="center">
               <div style="width: 50px;">5</div>
            </td>
            <td style="background-color: #FFFFBB; padding: 3px 3px 3px 0;" align="center">
               <div style="width: 50px;">0</div>
            </td>
            <td align="center" style="background-color: #eaf0f7; padding: 3px 3px 3px 0;">
               <div style="width: 50px;">6</div>
            </td>
            <td align="center"
                style="font-weight: bold; background-color: #eaf0f7; padding: 3px 3px 3px 0;">
               <div style="width: 50px;">83%</div>
            </td>
            <td style="background-color: #eaf0f7; padding: 3px 3px 3px 0;" align="center"
                nowrap="true">51s
               
            </td>
         </tr>
      </table>
      <div style="width: 200px;">
         <label for="groupMethodsCheckBox" style="font-weight: bold; margin: 0;">
            <input id="groupMethodsCheckBox" type="checkbox" onclick="switchTestMethodsView(this)"></input>
            Group by class
            
         </label>
         <br></br>
         <label for="methodsFilter_ALL" style="font-weight: bold; margin: 0;">
            <input id="methodsFilter_ALL" type="checkbox"
                   onclick="testMethodsFilterChanged(this, 'ALL')"></input>
            All
            
         </label>
      </div>
      <label for="methodsFilter_FAIL" style="margin-left: 20px;">
         <input id="methodsFilter_FAIL" type="checkbox"
                onclick="testMethodsFilterChanged(this, 'FAIL')"
                checked=""></input>
         Failed
         
      </label>
      <label for="methodsFilter_PASS">
         <input id="methodsFilter_PASS" type="checkbox"
                onclick="testMethodsFilterChanged(this, 'PASS')"
                checked=""></input>
         Passed
         
      </label>
      <label for="methodsFilter_SKIP">
         <input id="methodsFilter_SKIP" type="checkbox"
                onclick="testMethodsFilterChanged(this, 'SKIP')"
                checked=""></input>
         Skipped
         
      </label>
      <label for="methodsFilter_CONF">
         <input id="methodsFilter_CONF" type="checkbox"
                onclick="testMethodsFilterChanged(this, 'CONF')"></input>
         Config
         
      </label>
      <br></br>
      <div id="testMethodsByStatus">
         <table class="testMethodsTable" cellpadding="0" cellspacing="0">
            <tr class="methodsTableHeader">
               <td width="100%">Name</td>
               <td nowrap="true">Started</td>
               <td nowrap="true">Duration</td>
               <td>Exception</td>
            </tr>
            <tr id="testcases.DashBoardTest_verifyAllPets_byStatus_failed_FAIL1_row"
                class="testMethodStatusFAIL">
               <td width="100%" class="firstMethodCell">
                  <a onclick="toggleDetailsVisibility('testcases.DashBoardTest_verifyAllPets_byStatus_failed_FAIL1_details')">verifyAllPets(chrome
                     
                     ,
                     
                     Y
                     
                     ,
                     
                     j2ee
                     
                     ,
                     
                     j2ee)
                  </a>
               </td>
               <td nowrap="true">18:48:03</td>
               <td nowrap="true" align="right">11s
                  
               </td>
               <td nowrap="true">
                  <a onclick="toggleDetailsVisibility('testcases.DashBoardTest_verifyAllPets_byStatus_failed_FAIL1_exception')">java.lang.NullPointerException: </a>
                   
                  
               </td>
            </tr>
            <tr>
               <td colspan="4" class="detailsBox">
                  <div id="testcases.DashBoardTest_verifyAllPets_byStatus_failed_FAIL1_details"
                       class="testMethodDetails">
                     <div>
                        <b>Name: </b>verifyAllPets
                     </div>
                     <div>
                        <b>Signature: </b>verifyAllPets(java.lang.String,java.lang.String,java.lang.String,java.lang.String)[pri:0, instance:testcases.DashBoardTest@6bcbf05b]
                     </div>
                     <div>
                        <b>Parameters: </b>
                        
                        chrome
                        
                        ,
                        
                        Y
                        
                        ,
                        
                        j2ee
                        
                        ,
                        
                        j2ee
                        
                        
                     </div>
                     <div>
                        <b>Start time: </b>18:48:03
                     </div>
                     <div>
                        <b>End time: </b>18:48:14
                     </div>
                     <div>
                        <b>Duration: </b>11s
                        
                     </div>
                  </div>
               </td>
            </tr>
            <tr>
               <td colspan="4" class="detailsBox">
                  <div id="testcases.DashBoardTest_verifyAllPets_byStatus_failed_FAIL1_exception"
                       class="testMethodDetails">
                     <pre style="padding: 5px; margin: 0;">java.lang.NullPointerException
                        at testcases.DashBoardTest.verifyAllPets(DashBoardTest.java:62)
                        at java.base/jdk.internal.reflect.NativeMethodAccessorImpl.invoke0(Native Method)
                        at java.base/jdk.internal.reflect.NativeMethodAccessorImpl.invoke(NativeMethodAccessorImpl.java:62)
                        at java.base/jdk.internal.reflect.DelegatingMethodAccessorImpl.invoke(DelegatingMethodAccessorImpl.java:43)
                        at java.base/java.lang.reflect.Method.invoke(Method.java:567)
                        at org.testng.internal.invokers.MethodInvocationHelper.invokeMethod(MethodInvocationHelper.java:139)
                        at org.testng.internal.invokers.TestInvoker.invokeMethod(TestInvoker.java:664)
                        at org.testng.internal.invokers.TestInvoker.invokeTestMethod(TestInvoker.java:228)
                        at org.testng.internal.invokers.MethodRunner.runInSequence(MethodRunner.java:63)
                        at org.testng.internal.invokers.TestInvoker$MethodInvocationAgent.invoke(TestInvoker.java:961)
                        at org.testng.internal.invokers.TestInvoker.invokeTestMethods(TestInvoker.java:201)
                        at org.testng.internal.invokers.TestMethodWorker.invokeTestMethods(TestMethodWorker.java:148)
                        at org.testng.internal.invokers.TestMethodWorker.run(TestMethodWorker.java:128)
                        at java.base/java.util.ArrayList.forEach(ArrayList.java:1540)
                        at org.testng.TestRunner.privateRun(TestRunner.java:819)
                        at org.testng.TestRunner.run(TestRunner.java:619)
                        at org.testng.SuiteRunner.runTest(SuiteRunner.java:443)
                        at org.testng.SuiteRunner.runSequentially(SuiteRunner.java:437)
                        at org.testng.SuiteRunner.privateRun(SuiteRunner.java:397)
                        at org.testng.SuiteRunner.run(SuiteRunner.java:336)
                        at org.testng.SuiteRunnerWorker.runSuite(SuiteRunnerWorker.java:52)
                        at org.testng.SuiteRunnerWorker.run(SuiteRunnerWorker.java:95)
                        at org.testng.TestNG.runSuitesSequentially(TestNG.java:1301)
                        at org.testng.TestNG.runSuitesLocally(TestNG.java:1228)
                        at org.testng.TestNG.runSuites(TestNG.java:1134)
                        at org.testng.TestNG.run(TestNG.java:1101)
                        at org.testng.TestNG.privateMain(TestNG.java:1461)
                        at org.testng.TestNG.main(TestNG.java:1425)
                     </pre>
                  </div>
               </td>
            </tr>
            <tr id="testcases.HomePageTest_beforeTest_byStatus_passed_PASS1_row"
                class="testMethodStatusPASS testMethodStatusCONF">
               <td width="100%" class="firstMethodCell">
                  <a onclick="toggleDetailsVisibility('testcases.HomePageTest_beforeTest_byStatus_passed_PASS1_details')">beforeTest(org.testng.TestRunner@ab327c)</a>
               </td>
               <td nowrap="true">18:47:24</td>
               <td nowrap="true" align="right">171 ms
                  
               </td>
               <td nowrap="true">
                   
                  
               </td>
            </tr>
            <tr>
               <td colspan="4" class="detailsBox">
                  <div id="testcases.HomePageTest_beforeTest_byStatus_passed_PASS1_details"
                       class="testMethodDetails">
                     <div>
                        <b>Name: </b>beforeTest
                     </div>
                     <div>
                        <b>Signature: </b>beforeTest(org.testng.ITestContext)[pri:0, instance:testcases.HomePageTest@6331250e]
                     </div>
                     <div>
                        <b>Parameters: </b>
                        
                        org.testng.TestRunner@ab327c
                        
                        
                     </div>
                     <div>
                        <b>Start time: </b>18:47:24
                     </div>
                     <div>
                        <b>End time: </b>18:47:24
                     </div>
                     <div>
                        <b>Duration: </b>171 ms
                        
                     </div>
                  </div>
               </td>
            </tr>
            <tr></tr>
            <tr id="testcases.HomePageTest_beforeMethod_byStatus_passed_PASS2_row"
                class="testMethodStatusPASS testMethodStatusCONF">
               <td width="100%" class="firstMethodCell">
                  <a onclick="toggleDetailsVisibility('testcases.HomePageTest_beforeMethod_byStatus_passed_PASS2_details')">beforeMethod(org.testng.TestRunner@ab327c)</a>
               </td>
               <td nowrap="true">18:47:24</td>
               <td nowrap="true" align="right">2 ms
                  
               </td>
               <td nowrap="true">
                   
                  
               </td>
            </tr>
            <tr>
               <td colspan="4" class="detailsBox">
                  <div id="testcases.HomePageTest_beforeMethod_byStatus_passed_PASS2_details"
                       class="testMethodDetails">
                     <div>
                        <b>Name: </b>beforeMethod
                     </div>
                     <div>
                        <b>Signature: </b>beforeMethod(org.testng.ITestContext)[pri:0, instance:testcases.HomePageTest@6331250e]
                     </div>
                     <div>
                        <b>Parameters: </b>
                        
                        org.testng.TestRunner@ab327c
                        
                        
                     </div>
                     <div>
                        <b>Start time: </b>18:47:24
                     </div>
                     <div>
                        <b>End time: </b>18:47:24
                     </div>
                     <div>
                        <b>Duration: </b>2 ms
                        
                     </div>
                  </div>
               </td>
            </tr>
            <tr></tr>
            <tr id="testcases.HomePageTest_VerifyHomePageTitle_byStatus_passed_PASS3_row"
                class="testMethodStatusPASS">
               <td width="100%" class="firstMethodCell">
                  <a onclick="toggleDetailsVisibility('testcases.HomePageTest_VerifyHomePageTitle_byStatus_passed_PASS3_details')">VerifyHomePageTitle(chrome
                     
                     ,
                     
                     Y)
                  </a>
               </td>
               <td nowrap="true">18:47:24</td>
               <td nowrap="true" align="right">3s
                  
               </td>
               <td nowrap="true">
                   
                  
               </td>
            </tr>
            <tr>
               <td colspan="4" class="detailsBox">
                  <div id="testcases.HomePageTest_VerifyHomePageTitle_byStatus_passed_PASS3_details"
                       class="testMethodDetails">
                     <div>
                        <b>Name: </b>VerifyHomePageTitle
                     </div>
                     <div>
                        <b>Signature: </b>VerifyHomePageTitle(java.lang.String,java.lang.String)[pri:0, instance:testcases.HomePageTest@6331250e]
                     </div>
                     <div>
                        <b>Parameters: </b>
                        
                        chrome
                        
                        ,
                        
                        Y
                        
                        
                     </div>
                     <div>
                        <b>Start time: </b>18:47:24
                     </div>
                     <div>
                        <b>End time: </b>18:47:27
                     </div>
                     <div>
                        <b>Duration: </b>3s
                        
                     </div>
                  </div>
               </td>
            </tr>
            <tr></tr>
            <tr id="testcases.HomePageTest_quit_byStatus_passed_PASS4_row"
                class="testMethodStatusPASS testMethodStatusCONF">
               <td width="100%" class="firstMethodCell">
                  <a onclick="toggleDetailsVisibility('testcases.HomePageTest_quit_byStatus_passed_PASS4_details')">quit(org.testng.TestRunner@ab327c)</a>
               </td>
               <td nowrap="true">18:47:27</td>
               <td nowrap="true" align="right">768 ms
                  
               </td>
               <td nowrap="true">
                   
                  
               </td>
            </tr>
            <tr>
               <td colspan="4" class="detailsBox">
                  <div id="testcases.HomePageTest_quit_byStatus_passed_PASS4_details"
                       class="testMethodDetails">
                     <div>
                        <b>Name: </b>quit
                     </div>
                     <div>
                        <b>Signature: </b>quit(org.testng.ITestContext)[pri:0, instance:testcases.HomePageTest@6331250e]
                     </div>
                     <div>
                        <b>Parameters: </b>
                        
                        org.testng.TestRunner@ab327c
                        
                        
                     </div>
                     <div>
                        <b>Start time: </b>18:47:27
                     </div>
                     <div>
                        <b>End time: </b>18:47:28
                     </div>
                     <div>
                        <b>Duration: </b>768 ms
                        
                     </div>
                  </div>
               </td>
            </tr>
            <tr></tr>
            <tr id="testcases.StoreEntryTest_beforeTest_byStatus_passed_PASS5_row"
                class="testMethodStatusPASS testMethodStatusCONF">
               <td width="100%" class="firstMethodCell">
                  <a onclick="toggleDetailsVisibility('testcases.StoreEntryTest_beforeTest_byStatus_passed_PASS5_details')">beforeTest(org.testng.TestRunner@3d798e76)</a>
               </td>
               <td nowrap="true">18:47:28</td>
               <td nowrap="true" align="right">1 ms
                  
               </td>
               <td nowrap="true">
                   
                  
               </td>
            </tr>
            <tr>
               <td colspan="4" class="detailsBox">
                  <div id="testcases.StoreEntryTest_beforeTest_byStatus_passed_PASS5_details"
                       class="testMethodDetails">
                     <div>
                        <b>Name: </b>beforeTest
                     </div>
                     <div>
                        <b>Signature: </b>beforeTest(org.testng.ITestContext)[pri:0, instance:testcases.StoreEntryTest@3e9803c2]
                     </div>
                     <div>
                        <b>Parameters: </b>
                        
                        org.testng.TestRunner@3d798e76
                        
                        
                     </div>
                     <div>
                        <b>Start time: </b>18:47:28
                     </div>
                     <div>
                        <b>End time: </b>18:47:28
                     </div>
                     <div>
                        <b>Duration: </b>1 ms
                        
                     </div>
                  </div>
               </td>
            </tr>
            <tr></tr>
            <tr id="testcases.StoreEntryTest_beforeMethod_byStatus_passed_PASS6_row"
                class="testMethodStatusPASS testMethodStatusCONF">
               <td width="100%" class="firstMethodCell">
                  <a onclick="toggleDetailsVisibility('testcases.StoreEntryTest_beforeMethod_byStatus_passed_PASS6_details')">beforeMethod(org.testng.TestRunner@3d798e76)</a>
               </td>
               <td nowrap="true">18:47:28</td>
               <td nowrap="true" align="right">1 ms
                  
               </td>
               <td nowrap="true">
                   
                  
               </td>
            </tr>
            <tr>
               <td colspan="4" class="detailsBox">
                  <div id="testcases.StoreEntryTest_beforeMethod_byStatus_passed_PASS6_details"
                       class="testMethodDetails">
                     <div>
                        <b>Name: </b>beforeMethod
                     </div>
                     <div>
                        <b>Signature: </b>beforeMethod(org.testng.ITestContext)[pri:0, instance:testcases.StoreEntryTest@3e9803c2]
                     </div>
                     <div>
                        <b>Parameters: </b>
                        
                        org.testng.TestRunner@3d798e76
                        
                        
                     </div>
                     <div>
                        <b>Start time: </b>18:47:28
                     </div>
                     <div>
                        <b>End time: </b>18:47:28
                     </div>
                     <div>
                        <b>Duration: </b>1 ms
                        
                     </div>
                  </div>
               </td>
            </tr>
            <tr></tr>
            <tr id="testcases.StoreEntryTest_VerifySignInButtonPresence_byStatus_passed_PASS7_row"
                class="testMethodStatusPASS">
               <td width="100%" class="firstMethodCell">
                  <a onclick="toggleDetailsVisibility('testcases.StoreEntryTest_VerifySignInButtonPresence_byStatus_passed_PASS7_details')">VerifySignInButtonPresence(chrome
                     
                     ,
                     
                     Y
                     
                     ,
                     
                     j2ee
                     
                     ,
                     
                     j2ee)
                  </a>
               </td>
               <td nowrap="true">18:47:28</td>
               <td nowrap="true" align="right">4s
                  
               </td>
               <td nowrap="true">
                   
                  
               </td>
            </tr>
            <tr>
               <td colspan="4" class="detailsBox">
                  <div id="testcases.StoreEntryTest_VerifySignInButtonPresence_byStatus_passed_PASS7_details"
                       class="testMethodDetails">
                     <div>
                        <b>Name: </b>VerifySignInButtonPresence
                     </div>
                     <div>
                        <b>Signature: </b>VerifySignInButtonPresence(java.lang.String,java.lang.String,java.lang.String,java.lang.String)[pri:0, instance:testcases.StoreEntryTest@3e9803c2]
                     </div>
                     <div>
                        <b>Parameters: </b>
                        
                        chrome
                        
                        ,
                        
                        Y
                        
                        ,
                        
                        j2ee
                        
                        ,
                        
                        j2ee
                        
                        
                     </div>
                     <div>
                        <b>Start time: </b>18:47:28
                     </div>
                     <div>
                        <b>End time: </b>18:47:32
                     </div>
                     <div>
                        <b>Duration: </b>4s
                        
                     </div>
                  </div>
               </td>
            </tr>
            <tr></tr>
            <tr id="testcases.StoreEntryTest_quit_byStatus_passed_PASS8_row"
                class="testMethodStatusPASS testMethodStatusCONF">
               <td width="100%" class="firstMethodCell">
                  <a onclick="toggleDetailsVisibility('testcases.StoreEntryTest_quit_byStatus_passed_PASS8_details')">quit(org.testng.TestRunner@3d798e76)</a>
               </td>
               <td nowrap="true">18:47:32</td>
               <td nowrap="true" align="right">596 ms
                  
               </td>
               <td nowrap="true">
                   
                  
               </td>
            </tr>
            <tr>
               <td colspan="4" class="detailsBox">
                  <div id="testcases.StoreEntryTest_quit_byStatus_passed_PASS8_details"
                       class="testMethodDetails">
                     <div>
                        <b>Name: </b>quit
                     </div>
                     <div>
                        <b>Signature: </b>quit(org.testng.ITestContext)[pri:0, instance:testcases.StoreEntryTest@3e9803c2]
                     </div>
                     <div>
                        <b>Parameters: </b>
                        
                        org.testng.TestRunner@3d798e76
                        
                        
                     </div>
                     <div>
                        <b>Start time: </b>18:47:32
                     </div>
                     <div>
                        <b>End time: </b>18:47:32
                     </div>
                     <div>
                        <b>Duration: </b>596 ms
                        
                     </div>
                  </div>
               </td>
            </tr>
            <tr></tr>
            <tr id="testcases.StoreEntryTest_beforeTest_byStatus_passed_PASS9_row"
                class="testMethodStatusPASS testMethodStatusCONF">
               <td width="100%" class="firstMethodCell">
                  <a onclick="toggleDetailsVisibility('testcases.StoreEntryTest_beforeTest_byStatus_passed_PASS9_details')">beforeTest(org.testng.TestRunner@763b0996)</a>
               </td>
               <td nowrap="true">18:47:32</td>
               <td nowrap="true" align="right">0 ms
                  
               </td>
               <td nowrap="true">
                   
                  
               </td>
            </tr>
            <tr>
               <td colspan="4" class="detailsBox">
                  <div id="testcases.StoreEntryTest_beforeTest_byStatus_passed_PASS9_details"
                       class="testMethodDetails">
                     <div>
                        <b>Name: </b>beforeTest
                     </div>
                     <div>
                        <b>Signature: </b>beforeTest(org.testng.ITestContext)[pri:0, instance:testcases.StoreEntryTest@25d958c6]
                     </div>
                     <div>
                        <b>Parameters: </b>
                        
                        org.testng.TestRunner@763b0996
                        
                        
                     </div>
                     <div>
                        <b>Start time: </b>18:47:32
                     </div>
                     <div>
                        <b>End time: </b>18:47:32
                     </div>
                     <div>
                        <b>Duration: </b>0 ms
                        
                     </div>
                  </div>
               </td>
            </tr>
            <tr></tr>
            <tr id="testcases.StoreEntryTest_beforeMethod_byStatus_passed_PASS10_row"
                class="testMethodStatusPASS testMethodStatusCONF">
               <td width="100%" class="firstMethodCell">
                  <a onclick="toggleDetailsVisibility('testcases.StoreEntryTest_beforeMethod_byStatus_passed_PASS10_details')">beforeMethod(org.testng.TestRunner@763b0996)</a>
               </td>
               <td nowrap="true">18:47:32</td>
               <td nowrap="true" align="right">1 ms
                  
               </td>
               <td nowrap="true">
                   
                  
               </td>
            </tr>
            <tr>
               <td colspan="4" class="detailsBox">
                  <div id="testcases.StoreEntryTest_beforeMethod_byStatus_passed_PASS10_details"
                       class="testMethodDetails">
                     <div>
                        <b>Name: </b>beforeMethod
                     </div>
                     <div>
                        <b>Signature: </b>beforeMethod(org.testng.ITestContext)[pri:0, instance:testcases.StoreEntryTest@25d958c6]
                     </div>
                     <div>
                        <b>Parameters: </b>
                        
                        org.testng.TestRunner@763b0996
                        
                        
                     </div>
                     <div>
                        <b>Start time: </b>18:47:32
                     </div>
                     <div>
                        <b>End time: </b>18:47:32
                     </div>
                     <div>
                        <b>Duration: </b>1 ms
                        
                     </div>
                  </div>
               </td>
            </tr>
            <tr></tr>
            <tr id="testcases.StoreEntryTest_VerifyStoreEntryTitle_byStatus_passed_PASS11_row"
                class="testMethodStatusPASS">
               <td width="100%" class="firstMethodCell">
                  <a onclick="toggleDetailsVisibility('testcases.StoreEntryTest_VerifyStoreEntryTitle_byStatus_passed_PASS11_details')">VerifyStoreEntryTitle(chrome
                     
                     ,
                     
                     Y
                     
                     ,
                     
                     j2ee
                     
                     ,
                     
                     j2ee)
                  </a>
               </td>
               <td nowrap="true">18:47:32</td>
               <td nowrap="true" align="right">6s
                  
               </td>
               <td nowrap="true">
                   
                  
               </td>
            </tr>
            <tr>
               <td colspan="4" class="detailsBox">
                  <div id="testcases.StoreEntryTest_VerifyStoreEntryTitle_byStatus_passed_PASS11_details"
                       class="testMethodDetails">
                     <div>
                        <b>Name: </b>VerifyStoreEntryTitle
                     </div>
                     <div>
                        <b>Signature: </b>VerifyStoreEntryTitle(java.lang.String,java.lang.String,java.lang.String,java.lang.String)[pri:0, instance:testcases.StoreEntryTest@25d958c6]
                     </div>
                     <div>
                        <b>Parameters: </b>
                        
                        chrome
                        
                        ,
                        
                        Y
                        
                        ,
                        
                        j2ee
                        
                        ,
                        
                        j2ee
                        
                        
                     </div>
                     <div>
                        <b>Start time: </b>18:47:32
                     </div>
                     <div>
                        <b>End time: </b>18:47:38
                     </div>
                     <div>
                        <b>Duration: </b>6s
                        
                     </div>
                  </div>
               </td>
            </tr>
            <tr></tr>
            <tr id="testcases.StoreEntryTest_quit_byStatus_passed_PASS12_row"
                class="testMethodStatusPASS testMethodStatusCONF">
               <td width="100%" class="firstMethodCell">
                  <a onclick="toggleDetailsVisibility('testcases.StoreEntryTest_quit_byStatus_passed_PASS12_details')">quit(org.testng.TestRunner@763b0996)</a>
               </td>
               <td nowrap="true">18:47:38</td>
               <td nowrap="true" align="right">638 ms
                  
               </td>
               <td nowrap="true">
                   
                  
               </td>
            </tr>
            <tr>
               <td colspan="4" class="detailsBox">
                  <div id="testcases.StoreEntryTest_quit_byStatus_passed_PASS12_details"
                       class="testMethodDetails">
                     <div>
                        <b>Name: </b>quit
                     </div>
                     <div>
                        <b>Signature: </b>quit(org.testng.ITestContext)[pri:0, instance:testcases.StoreEntryTest@25d958c6]
                     </div>
                     <div>
                        <b>Parameters: </b>
                        
                        org.testng.TestRunner@763b0996
                        
                        
                     </div>
                     <div>
                        <b>Start time: </b>18:47:38
                     </div>
                     <div>
                        <b>End time: </b>18:47:39
                     </div>
                     <div>
                        <b>Duration: </b>638 ms
                        
                     </div>
                  </div>
               </td>
            </tr>
            <tr></tr>
            <tr id="testcases.StoreEntryTest_beforeTest_byStatus_passed_PASS13_row"
                class="testMethodStatusPASS testMethodStatusCONF">
               <td width="100%" class="firstMethodCell">
                  <a onclick="toggleDetailsVisibility('testcases.StoreEntryTest_beforeTest_byStatus_passed_PASS13_details')">beforeTest(org.testng.TestRunner@386e9fd8)</a>
               </td>
               <td nowrap="true">18:47:39</td>
               <td nowrap="true" align="right">2 ms
                  
               </td>
               <td nowrap="true">
                   
                  
               </td>
            </tr>
            <tr>
               <td colspan="4" class="detailsBox">
                  <div id="testcases.StoreEntryTest_beforeTest_byStatus_passed_PASS13_details"
                       class="testMethodDetails">
                     <div>
                        <b>Name: </b>beforeTest
                     </div>
                     <div>
                        <b>Signature: </b>beforeTest(org.testng.ITestContext)[pri:0, instance:testcases.StoreEntryTest@4a1c0752]
                     </div>
                     <div>
                        <b>Parameters: </b>
                        
                        org.testng.TestRunner@386e9fd8
                        
                        
                     </div>
                     <div>
                        <b>Start time: </b>18:47:39
                     </div>
                     <div>
                        <b>End time: </b>18:47:39
                     </div>
                     <div>
                        <b>Duration: </b>2 ms
                        
                     </div>
                  </div>
               </td>
            </tr>
            <tr></tr>
            <tr id="testcases.StoreEntryTest_beforeMethod_byStatus_passed_PASS14_row"
                class="testMethodStatusPASS testMethodStatusCONF">
               <td width="100%" class="firstMethodCell">
                  <a onclick="toggleDetailsVisibility('testcases.StoreEntryTest_beforeMethod_byStatus_passed_PASS14_details')">beforeMethod(org.testng.TestRunner@386e9fd8)</a>
               </td>
               <td nowrap="true">18:47:39</td>
               <td nowrap="true" align="right">1 ms
                  
               </td>
               <td nowrap="true">
                   
                  
               </td>
            </tr>
            <tr>
               <td colspan="4" class="detailsBox">
                  <div id="testcases.StoreEntryTest_beforeMethod_byStatus_passed_PASS14_details"
                       class="testMethodDetails">
                     <div>
                        <b>Name: </b>beforeMethod
                     </div>
                     <div>
                        <b>Signature: </b>beforeMethod(org.testng.ITestContext)[pri:0, instance:testcases.StoreEntryTest@4a1c0752]
                     </div>
                     <div>
                        <b>Parameters: </b>
                        
                        org.testng.TestRunner@386e9fd8
                        
                        
                     </div>
                     <div>
                        <b>Start time: </b>18:47:39
                     </div>
                     <div>
                        <b>End time: </b>18:47:39
                     </div>
                     <div>
                        <b>Duration: </b>1 ms
                        
                     </div>
                  </div>
               </td>
            </tr>
            <tr></tr>
            <tr id="testcases.StoreEntryTest_Verifylogin_byStatus_passed_PASS15_row"
                class="testMethodStatusPASS">
               <td width="100%" class="firstMethodCell">
                  <a onclick="toggleDetailsVisibility('testcases.StoreEntryTest_Verifylogin_byStatus_passed_PASS15_details')">Verifylogin(chrome
                     
                     ,
                     
                     Y
                     
                     ,
                     
                     j2ee
                     
                     ,
                     
                     j2ee)
                  </a>
               </td>
               <td nowrap="true">18:47:39</td>
               <td nowrap="true" align="right">12s
                  
               </td>
               <td nowrap="true">
                   
                  
               </td>
            </tr>
            <tr>
               <td colspan="4" class="detailsBox">
                  <div id="testcases.StoreEntryTest_Verifylogin_byStatus_passed_PASS15_details"
                       class="testMethodDetails">
                     <div>
                        <b>Name: </b>Verifylogin
                     </div>
                     <div>
                        <b>Signature: </b>Verifylogin(java.lang.String,java.lang.String,java.lang.String,java.lang.String)[pri:0, instance:testcases.StoreEntryTest@4a1c0752]
                     </div>
                     <div>
                        <b>Parameters: </b>
                        
                        chrome
                        
                        ,
                        
                        Y
                        
                        ,
                        
                        j2ee
                        
                        ,
                        
                        j2ee
                        
                        
                     </div>
                     <div>
                        <b>Start time: </b>18:47:39
                     </div>
                     <div>
                        <b>End time: </b>18:47:51
                     </div>
                     <div>
                        <b>Duration: </b>12s
                        
                     </div>
                  </div>
               </td>
            </tr>
            <tr></tr>
            <tr id="testcases.StoreEntryTest_quit_byStatus_passed_PASS16_row"
                class="testMethodStatusPASS testMethodStatusCONF">
               <td width="100%" class="firstMethodCell">
                  <a onclick="toggleDetailsVisibility('testcases.StoreEntryTest_quit_byStatus_passed_PASS16_details')">quit(org.testng.TestRunner@386e9fd8)</a>
               </td>
               <td nowrap="true">18:47:51</td>
               <td nowrap="true" align="right">626 ms
                  
               </td>
               <td nowrap="true">
                   
                  
               </td>
            </tr>
            <tr>
               <td colspan="4" class="detailsBox">
                  <div id="testcases.StoreEntryTest_quit_byStatus_passed_PASS16_details"
                       class="testMethodDetails">
                     <div>
                        <b>Name: </b>quit
                     </div>
                     <div>
                        <b>Signature: </b>quit(org.testng.ITestContext)[pri:0, instance:testcases.StoreEntryTest@4a1c0752]
                     </div>
                     <div>
                        <b>Parameters: </b>
                        
                        org.testng.TestRunner@386e9fd8
                        
                        
                     </div>
                     <div>
                        <b>Start time: </b>18:47:51
                     </div>
                     <div>
                        <b>End time: </b>18:47:51
                     </div>
                     <div>
                        <b>Duration: </b>626 ms
                        
                     </div>
                  </div>
               </td>
            </tr>
            <tr></tr>
            <tr id="testcases.DashBoardTest_beforeTest_byStatus_passed_PASS17_row"
                class="testMethodStatusPASS testMethodStatusCONF">
               <td width="100%" class="firstMethodCell">
                  <a onclick="toggleDetailsVisibility('testcases.DashBoardTest_beforeTest_byStatus_passed_PASS17_details')">beforeTest(org.testng.TestRunner@618f627b)</a>
               </td>
               <td nowrap="true">18:47:51</td>
               <td nowrap="true" align="right">0 ms
                  
               </td>
               <td nowrap="true">
                   
                  
               </td>
            </tr>
            <tr>
               <td colspan="4" class="detailsBox">
                  <div id="testcases.DashBoardTest_beforeTest_byStatus_passed_PASS17_details"
                       class="testMethodDetails">
                     <div>
                        <b>Name: </b>beforeTest
                     </div>
                     <div>
                        <b>Signature: </b>beforeTest(org.testng.ITestContext)[pri:0, instance:testcases.DashBoardTest@67a056f1]
                     </div>
                     <div>
                        <b>Parameters: </b>
                        
                        org.testng.TestRunner@618f627b
                        
                        
                     </div>
                     <div>
                        <b>Start time: </b>18:47:51
                     </div>
                     <div>
                        <b>End time: </b>18:47:51
                     </div>
                     <div>
                        <b>Duration: </b>0 ms
                        
                     </div>
                  </div>
               </td>
            </tr>
            <tr></tr>
            <tr id="testcases.DashBoardTest_beforeMethod_byStatus_passed_PASS18_row"
                class="testMethodStatusPASS testMethodStatusCONF">
               <td width="100%" class="firstMethodCell">
                  <a onclick="toggleDetailsVisibility('testcases.DashBoardTest_beforeMethod_byStatus_passed_PASS18_details')">beforeMethod(org.testng.TestRunner@618f627b)</a>
               </td>
               <td nowrap="true">18:47:51</td>
               <td nowrap="true" align="right">1 ms
                  
               </td>
               <td nowrap="true">
                   
                  
               </td>
            </tr>
            <tr>
               <td colspan="4" class="detailsBox">
                  <div id="testcases.DashBoardTest_beforeMethod_byStatus_passed_PASS18_details"
                       class="testMethodDetails">
                     <div>
                        <b>Name: </b>beforeMethod
                     </div>
                     <div>
                        <b>Signature: </b>beforeMethod(org.testng.ITestContext)[pri:0, instance:testcases.DashBoardTest@67a056f1]
                     </div>
                     <div>
                        <b>Parameters: </b>
                        
                        org.testng.TestRunner@618f627b
                        
                        
                     </div>
                     <div>
                        <b>Start time: </b>18:47:51
                     </div>
                     <div>
                        <b>End time: </b>18:47:51
                     </div>
                     <div>
                        <b>Duration: </b>1 ms
                        
                     </div>
                  </div>
               </td>
            </tr>
            <tr></tr>
            <tr id="testcases.DashBoardTest_verifyAvailablePets_byStatus_passed_PASS19_row"
                class="testMethodStatusPASS">
               <td width="100%" class="firstMethodCell">
                  <a onclick="toggleDetailsVisibility('testcases.DashBoardTest_verifyAvailablePets_byStatus_passed_PASS19_details')">verifyAvailablePets(chrome
                     
                     ,
                     
                     Y
                     
                     ,
                     
                     j2ee
                     
                     ,
                     
                     j2ee)
                  </a>
               </td>
               <td nowrap="true">18:47:51</td>
               <td nowrap="true" align="right">11s
                  
               </td>
               <td nowrap="true">
                   
                  
               </td>
            </tr>
            <tr>
               <td colspan="4" class="detailsBox">
                  <div id="testcases.DashBoardTest_verifyAvailablePets_byStatus_passed_PASS19_details"
                       class="testMethodDetails">
                     <div>
                        <b>Name: </b>verifyAvailablePets
                     </div>
                     <div>
                        <b>Signature: </b>verifyAvailablePets(java.lang.String,java.lang.String,java.lang.String,java.lang.String)[pri:0, instance:testcases.DashBoardTest@67a056f1]
                     </div>
                     <div>
                        <b>Parameters: </b>
                        
                        chrome
                        
                        ,
                        
                        Y
                        
                        ,
                        
                        j2ee
                        
                        ,
                        
                        j2ee
                        
                        
                     </div>
                     <div>
                        <b>Start time: </b>18:47:51
                     </div>
                     <div>
                        <b>End time: </b>18:48:02
                     </div>
                     <div>
                        <b>Duration: </b>11s
                        
                     </div>
                  </div>
               </td>
            </tr>
            <tr></tr>
            <tr id="testcases.DashBoardTest_quit_byStatus_passed_PASS20_row"
                class="testMethodStatusPASS testMethodStatusCONF">
               <td width="100%" class="firstMethodCell">
                  <a onclick="toggleDetailsVisibility('testcases.DashBoardTest_quit_byStatus_passed_PASS20_details')">quit(org.testng.TestRunner@618f627b)</a>
               </td>
               <td nowrap="true">18:48:02</td>
               <td nowrap="true" align="right">619 ms
                  
               </td>
               <td nowrap="true">
                   
                  
               </td>
            </tr>
            <tr>
               <td colspan="4" class="detailsBox">
                  <div id="testcases.DashBoardTest_quit_byStatus_passed_PASS20_details"
                       class="testMethodDetails">
                     <div>
                        <b>Name: </b>quit
                     </div>
                     <div>
                        <b>Signature: </b>quit(org.testng.ITestContext)[pri:0, instance:testcases.DashBoardTest@67a056f1]
                     </div>
                     <div>
                        <b>Parameters: </b>
                        
                        org.testng.TestRunner@618f627b
                        
                        
                     </div>
                     <div>
                        <b>Start time: </b>18:48:02
                     </div>
                     <div>
                        <b>End time: </b>18:48:03
                     </div>
                     <div>
                        <b>Duration: </b>619 ms
                        
                     </div>
                  </div>
               </td>
            </tr>
            <tr></tr>
            <tr id="testcases.DashBoardTest_beforeTest_byStatus_passed_PASS21_row"
                class="testMethodStatusPASS testMethodStatusCONF">
               <td width="100%" class="firstMethodCell">
                  <a onclick="toggleDetailsVisibility('testcases.DashBoardTest_beforeTest_byStatus_passed_PASS21_details')">beforeTest(org.testng.TestRunner@10745a02)</a>
               </td>
               <td nowrap="true">18:48:03</td>
               <td nowrap="true" align="right">2 ms
                  
               </td>
               <td nowrap="true">
                   
                  
               </td>
            </tr>
            <tr>
               <td colspan="4" class="detailsBox">
                  <div id="testcases.DashBoardTest_beforeTest_byStatus_passed_PASS21_details"
                       class="testMethodDetails">
                     <div>
                        <b>Name: </b>beforeTest
                     </div>
                     <div>
                        <b>Signature: </b>beforeTest(org.testng.ITestContext)[pri:0, instance:testcases.DashBoardTest@6bcbf05b]
                     </div>
                     <div>
                        <b>Parameters: </b>
                        
                        org.testng.TestRunner@10745a02
                        
                        
                     </div>
                     <div>
                        <b>Start time: </b>18:48:03
                     </div>
                     <div>
                        <b>End time: </b>18:48:03
                     </div>
                     <div>
                        <b>Duration: </b>2 ms
                        
                     </div>
                  </div>
               </td>
            </tr>
            <tr></tr>
            <tr id="testcases.DashBoardTest_beforeMethod_byStatus_passed_PASS22_row"
                class="testMethodStatusPASS testMethodStatusCONF">
               <td width="100%" class="firstMethodCell">
                  <a onclick="toggleDetailsVisibility('testcases.DashBoardTest_beforeMethod_byStatus_passed_PASS22_details')">beforeMethod(org.testng.TestRunner@10745a02)</a>
               </td>
               <td nowrap="true">18:48:03</td>
               <td nowrap="true" align="right">1 ms
                  
               </td>
               <td nowrap="true">
                   
                  
               </td>
            </tr>
            <tr>
               <td colspan="4" class="detailsBox">
                  <div id="testcases.DashBoardTest_beforeMethod_byStatus_passed_PASS22_details"
                       class="testMethodDetails">
                     <div>
                        <b>Name: </b>beforeMethod
                     </div>
                     <div>
                        <b>Signature: </b>beforeMethod(org.testng.ITestContext)[pri:0, instance:testcases.DashBoardTest@6bcbf05b]
                     </div>
                     <div>
                        <b>Parameters: </b>
                        
                        org.testng.TestRunner@10745a02
                        
                        
                     </div>
                     <div>
                        <b>Start time: </b>18:48:03
                     </div>
                     <div>
                        <b>End time: </b>18:48:03
                     </div>
                     <div>
                        <b>Duration: </b>1 ms
                        
                     </div>
                  </div>
               </td>
            </tr>
            <tr></tr>
            <tr id="testcases.DashBoardTest_quit_byStatus_passed_PASS23_row"
                class="testMethodStatusPASS testMethodStatusCONF">
               <td width="100%" class="firstMethodCell">
                  <a onclick="toggleDetailsVisibility('testcases.DashBoardTest_quit_byStatus_passed_PASS23_details')">quit(org.testng.TestRunner@10745a02)</a>
               </td>
               <td nowrap="true">18:48:14</td>
               <td nowrap="true" align="right">612 ms
                  
               </td>
               <td nowrap="true">
                   
                  
               </td>
            </tr>
            <tr>
               <td colspan="4" class="detailsBox">
                  <div id="testcases.DashBoardTest_quit_byStatus_passed_PASS23_details"
                       class="testMethodDetails">
                     <div>
                        <b>Name: </b>quit
                     </div>
                     <div>
                        <b>Signature: </b>quit(org.testng.ITestContext)[pri:0, instance:testcases.DashBoardTest@6bcbf05b]
                     </div>
                     <div>
                        <b>Parameters: </b>
                        
                        org.testng.TestRunner@10745a02
                        
                        
                     </div>
                     <div>
                        <b>Start time: </b>18:48:14
                     </div>
                     <div>
                        <b>End time: </b>18:48:15
                     </div>
                     <div>
                        <b>Duration: </b>612 ms
                        
                     </div>
                  </div>
               </td>
            </tr>
            <tr></tr>
         </table>
      </div>
      <div id="testMethodsByClass" style="display: none;">
         <table class="testMethodsTable" cellpadding="0" cellspacing="0">
            <tr>
               <td colspan="4">
                  <h3 style="display: inline;">testcases.DashBoardTest</h3>
               </td>
            </tr>
            <tr class="methodsTableHeader">
               <td width="100%">Name</td>
               <td nowrap="true">Started</td>
               <td nowrap="true">Duration</td>
               <td>Exception</td>
            </tr>
            <tr id="testcases.DashBoardTest_beforeTest_byClass_PASS1_row"
                class="testMethodStatusPASS testMethodStatusCONF">
               <td width="100%" class="firstMethodCell">
                  <a onclick="toggleDetailsVisibility('testcases.DashBoardTest_beforeTest_byClass_PASS1_details')">beforeTest(org.testng.TestRunner@618f627b)</a>
               </td>
               <td nowrap="true">18:47:51</td>
               <td nowrap="true" align="right">0 ms
                  
               </td>
               <td nowrap="true">
                   
                  
               </td>
            </tr>
            <tr>
               <td colspan="4" class="detailsBox">
                  <div id="testcases.DashBoardTest_beforeTest_byClass_PASS1_details"
                       class="testMethodDetails">
                     <div>
                        <b>Name: </b>beforeTest
                     </div>
                     <div>
                        <b>Signature: </b>beforeTest(org.testng.ITestContext)[pri:0, instance:testcases.DashBoardTest@67a056f1]
                     </div>
                     <div>
                        <b>Parameters: </b>
                        
                        org.testng.TestRunner@618f627b
                        
                        
                     </div>
                     <div>
                        <b>Start time: </b>18:47:51
                     </div>
                     <div>
                        <b>End time: </b>18:47:51
                     </div>
                     <div>
                        <b>Duration: </b>0 ms
                        
                     </div>
                  </div>
               </td>
            </tr>
            <tr></tr>
            <tr id="testcases.DashBoardTest_beforeMethod_byClass_PASS2_row"
                class="testMethodStatusPASS testMethodStatusCONF">
               <td width="100%" class="firstMethodCell">
                  <a onclick="toggleDetailsVisibility('testcases.DashBoardTest_beforeMethod_byClass_PASS2_details')">beforeMethod(org.testng.TestRunner@618f627b)</a>
               </td>
               <td nowrap="true">18:47:51</td>
               <td nowrap="true" align="right">1 ms
                  
               </td>
               <td nowrap="true">
                   
                  
               </td>
            </tr>
            <tr>
               <td colspan="4" class="detailsBox">
                  <div id="testcases.DashBoardTest_beforeMethod_byClass_PASS2_details"
                       class="testMethodDetails">
                     <div>
                        <b>Name: </b>beforeMethod
                     </div>
                     <div>
                        <b>Signature: </b>beforeMethod(org.testng.ITestContext)[pri:0, instance:testcases.DashBoardTest@67a056f1]
                     </div>
                     <div>
                        <b>Parameters: </b>
                        
                        org.testng.TestRunner@618f627b
                        
                        
                     </div>
                     <div>
                        <b>Start time: </b>18:47:51
                     </div>
                     <div>
                        <b>End time: </b>18:47:51
                     </div>
                     <div>
                        <b>Duration: </b>1 ms
                        
                     </div>
                  </div>
               </td>
            </tr>
            <tr></tr>
            <tr id="testcases.DashBoardTest_verifyAvailablePets_byClass_PASS3_row"
                class="testMethodStatusPASS">
               <td width="100%" class="firstMethodCell">
                  <a onclick="toggleDetailsVisibility('testcases.DashBoardTest_verifyAvailablePets_byClass_PASS3_details')">verifyAvailablePets(chrome
                     
                     ,
                     
                     Y
                     
                     ,
                     
                     j2ee
                     
                     ,
                     
                     j2ee)
                  </a>
               </td>
               <td nowrap="true">18:47:51</td>
               <td nowrap="true" align="right">11s
                  
               </td>
               <td nowrap="true">
                   
                  
               </td>
            </tr>
            <tr>
               <td colspan="4" class="detailsBox">
                  <div id="testcases.DashBoardTest_verifyAvailablePets_byClass_PASS3_details"
                       class="testMethodDetails">
                     <div>
                        <b>Name: </b>verifyAvailablePets
                     </div>
                     <div>
                        <b>Signature: </b>verifyAvailablePets(java.lang.String,java.lang.String,java.lang.String,java.lang.String)[pri:0, instance:testcases.DashBoardTest@67a056f1]
                     </div>
                     <div>
                        <b>Parameters: </b>
                        
                        chrome
                        
                        ,
                        
                        Y
                        
                        ,
                        
                        j2ee
                        
                        ,
                        
                        j2ee
                        
                        
                     </div>
                     <div>
                        <b>Start time: </b>18:47:51
                     </div>
                     <div>
                        <b>End time: </b>18:48:02
                     </div>
                     <div>
                        <b>Duration: </b>11s
                        
                     </div>
                  </div>
               </td>
            </tr>
            <tr></tr>
            <tr id="testcases.DashBoardTest_quit_byClass_PASS4_row"
                class="testMethodStatusPASS testMethodStatusCONF">
               <td width="100%" class="firstMethodCell">
                  <a onclick="toggleDetailsVisibility('testcases.DashBoardTest_quit_byClass_PASS4_details')">quit(org.testng.TestRunner@618f627b)</a>
               </td>
               <td nowrap="true">18:48:02</td>
               <td nowrap="true" align="right">619 ms
                  
               </td>
               <td nowrap="true">
                   
                  
               </td>
            </tr>
            <tr>
               <td colspan="4" class="detailsBox">
                  <div id="testcases.DashBoardTest_quit_byClass_PASS4_details"
                       class="testMethodDetails">
                     <div>
                        <b>Name: </b>quit
                     </div>
                     <div>
                        <b>Signature: </b>quit(org.testng.ITestContext)[pri:0, instance:testcases.DashBoardTest@67a056f1]
                     </div>
                     <div>
                        <b>Parameters: </b>
                        
                        org.testng.TestRunner@618f627b
                        
                        
                     </div>
                     <div>
                        <b>Start time: </b>18:48:02
                     </div>
                     <div>
                        <b>End time: </b>18:48:03
                     </div>
                     <div>
                        <b>Duration: </b>619 ms
                        
                     </div>
                  </div>
               </td>
            </tr>
            <tr></tr>
         </table>
         <br></br>
         <table class="testMethodsTable" cellpadding="0" cellspacing="0">
            <tr>
               <td colspan="4">
                  <h3 style="display: inline;">testcases.DashBoardTest</h3>
               </td>
            </tr>
            <tr class="methodsTableHeader">
               <td width="100%">Name</td>
               <td nowrap="true">Started</td>
               <td nowrap="true">Duration</td>
               <td>Exception</td>
            </tr>
            <tr id="testcases.DashBoardTest_beforeTest_byClass_PASS1_row"
                class="testMethodStatusPASS testMethodStatusCONF">
               <td width="100%" class="firstMethodCell">
                  <a onclick="toggleDetailsVisibility('testcases.DashBoardTest_beforeTest_byClass_PASS1_details')">beforeTest(org.testng.TestRunner@10745a02)</a>
               </td>
               <td nowrap="true">18:48:03</td>
               <td nowrap="true" align="right">2 ms
                  
               </td>
               <td nowrap="true">
                   
                  
               </td>
            </tr>
            <tr>
               <td colspan="4" class="detailsBox">
                  <div id="testcases.DashBoardTest_beforeTest_byClass_PASS1_details"
                       class="testMethodDetails">
                     <div>
                        <b>Name: </b>beforeTest
                     </div>
                     <div>
                        <b>Signature: </b>beforeTest(org.testng.ITestContext)[pri:0, instance:testcases.DashBoardTest@6bcbf05b]
                     </div>
                     <div>
                        <b>Parameters: </b>
                        
                        org.testng.TestRunner@10745a02
                        
                        
                     </div>
                     <div>
                        <b>Start time: </b>18:48:03
                     </div>
                     <div>
                        <b>End time: </b>18:48:03
                     </div>
                     <div>
                        <b>Duration: </b>2 ms
                        
                     </div>
                  </div>
               </td>
            </tr>
            <tr></tr>
            <tr id="testcases.DashBoardTest_beforeMethod_byClass_PASS2_row"
                class="testMethodStatusPASS testMethodStatusCONF">
               <td width="100%" class="firstMethodCell">
                  <a onclick="toggleDetailsVisibility('testcases.DashBoardTest_beforeMethod_byClass_PASS2_details')">beforeMethod(org.testng.TestRunner@10745a02)</a>
               </td>
               <td nowrap="true">18:48:03</td>
               <td nowrap="true" align="right">1 ms
                  
               </td>
               <td nowrap="true">
                   
                  
               </td>
            </tr>
            <tr>
               <td colspan="4" class="detailsBox">
                  <div id="testcases.DashBoardTest_beforeMethod_byClass_PASS2_details"
                       class="testMethodDetails">
                     <div>
                        <b>Name: </b>beforeMethod
                     </div>
                     <div>
                        <b>Signature: </b>beforeMethod(org.testng.ITestContext)[pri:0, instance:testcases.DashBoardTest@6bcbf05b]
                     </div>
                     <div>
                        <b>Parameters: </b>
                        
                        org.testng.TestRunner@10745a02
                        
                        
                     </div>
                     <div>
                        <b>Start time: </b>18:48:03
                     </div>
                     <div>
                        <b>End time: </b>18:48:03
                     </div>
                     <div>
                        <b>Duration: </b>1 ms
                        
                     </div>
                  </div>
               </td>
            </tr>
            <tr></tr>
            <tr id="testcases.DashBoardTest_verifyAllPets_byClass_FAIL3_row"
                class="testMethodStatusFAIL">
               <td width="100%" class="firstMethodCell">
                  <a onclick="toggleDetailsVisibility('testcases.DashBoardTest_verifyAllPets_byClass_FAIL3_details')">verifyAllPets(chrome
                     
                     ,
                     
                     Y
                     
                     ,
                     
                     j2ee
                     
                     ,
                     
                     j2ee)
                  </a>
               </td>
               <td nowrap="true">18:48:03</td>
               <td nowrap="true" align="right">11s
                  
               </td>
               <td nowrap="true">
                  <a onclick="toggleDetailsVisibility('testcases.DashBoardTest_verifyAllPets_byClass_FAIL3_exception')">java.lang.NullPointerException: </a>
                   
                  
               </td>
            </tr>
            <tr>
               <td colspan="4" class="detailsBox">
                  <div id="testcases.DashBoardTest_verifyAllPets_byClass_FAIL3_details"
                       class="testMethodDetails">
                     <div>
                        <b>Name: </b>verifyAllPets
                     </div>
                     <div>
                        <b>Signature: </b>verifyAllPets(java.lang.String,java.lang.String,java.lang.String,java.lang.String)[pri:0, instance:testcases.DashBoardTest@6bcbf05b]
                     </div>
                     <div>
                        <b>Parameters: </b>
                        
                        chrome
                        
                        ,
                        
                        Y
                        
                        ,
                        
                        j2ee
                        
                        ,
                        
                        j2ee
                        
                        
                     </div>
                     <div>
                        <b>Start time: </b>18:48:03
                     </div>
                     <div>
                        <b>End time: </b>18:48:14
                     </div>
                     <div>
                        <b>Duration: </b>11s
                        
                     </div>
                  </div>
               </td>
            </tr>
            <tr>
               <td colspan="4" class="detailsBox">
                  <div id="testcases.DashBoardTest_verifyAllPets_byClass_FAIL3_exception"
                       class="testMethodDetails">
                     <pre style="padding: 5px; margin: 0;">java.lang.NullPointerException
                        at testcases.DashBoardTest.verifyAllPets(DashBoardTest.java:62)
                        at java.base/jdk.internal.reflect.NativeMethodAccessorImpl.invoke0(Native Method)
                        at java.base/jdk.internal.reflect.NativeMethodAccessorImpl.invoke(NativeMethodAccessorImpl.java:62)
                        at java.base/jdk.internal.reflect.DelegatingMethodAccessorImpl.invoke(DelegatingMethodAccessorImpl.java:43)
                        at java.base/java.lang.reflect.Method.invoke(Method.java:567)
                        at org.testng.internal.invokers.MethodInvocationHelper.invokeMethod(MethodInvocationHelper.java:139)
                        at org.testng.internal.invokers.TestInvoker.invokeMethod(TestInvoker.java:664)
                        at org.testng.internal.invokers.TestInvoker.invokeTestMethod(TestInvoker.java:228)
                        at org.testng.internal.invokers.MethodRunner.runInSequence(MethodRunner.java:63)
                        at org.testng.internal.invokers.TestInvoker$MethodInvocationAgent.invoke(TestInvoker.java:961)
                        at org.testng.internal.invokers.TestInvoker.invokeTestMethods(TestInvoker.java:201)
                        at org.testng.internal.invokers.TestMethodWorker.invokeTestMethods(TestMethodWorker.java:148)
                        at org.testng.internal.invokers.TestMethodWorker.run(TestMethodWorker.java:128)
                        at java.base/java.util.ArrayList.forEach(ArrayList.java:1540)
                        at org.testng.TestRunner.privateRun(TestRunner.java:819)
                        at org.testng.TestRunner.run(TestRunner.java:619)
                        at org.testng.SuiteRunner.runTest(SuiteRunner.java:443)
                        at org.testng.SuiteRunner.runSequentially(SuiteRunner.java:437)
                        at org.testng.SuiteRunner.privateRun(SuiteRunner.java:397)
                        at org.testng.SuiteRunner.run(SuiteRunner.java:336)
                        at org.testng.SuiteRunnerWorker.runSuite(SuiteRunnerWorker.java:52)
                        at org.testng.SuiteRunnerWorker.run(SuiteRunnerWorker.java:95)
                        at org.testng.TestNG.runSuitesSequentially(TestNG.java:1301)
                        at org.testng.TestNG.runSuitesLocally(TestNG.java:1228)
                        at org.testng.TestNG.runSuites(TestNG.java:1134)
                        at org.testng.TestNG.run(TestNG.java:1101)
                        at org.testng.TestNG.privateMain(TestNG.java:1461)
                        at org.testng.TestNG.main(TestNG.java:1425)
                     </pre>
                  </div>
               </td>
            </tr>
            <tr id="testcases.DashBoardTest_quit_byClass_PASS4_row"
                class="testMethodStatusPASS testMethodStatusCONF">
               <td width="100%" class="firstMethodCell">
                  <a onclick="toggleDetailsVisibility('testcases.DashBoardTest_quit_byClass_PASS4_details')">quit(org.testng.TestRunner@10745a02)</a>
               </td>
               <td nowrap="true">18:48:14</td>
               <td nowrap="true" align="right">612 ms
                  
               </td>
               <td nowrap="true">
                   
                  
               </td>
            </tr>
            <tr>
               <td colspan="4" class="detailsBox">
                  <div id="testcases.DashBoardTest_quit_byClass_PASS4_details"
                       class="testMethodDetails">
                     <div>
                        <b>Name: </b>quit
                     </div>
                     <div>
                        <b>Signature: </b>quit(org.testng.ITestContext)[pri:0, instance:testcases.DashBoardTest@6bcbf05b]
                     </div>
                     <div>
                        <b>Parameters: </b>
                        
                        org.testng.TestRunner@10745a02
                        
                        
                     </div>
                     <div>
                        <b>Start time: </b>18:48:14
                     </div>
                     <div>
                        <b>End time: </b>18:48:15
                     </div>
                     <div>
                        <b>Duration: </b>612 ms
                        
                     </div>
                  </div>
               </td>
            </tr>
            <tr></tr>
         </table>
         <br></br>
         <table class="testMethodsTable" cellpadding="0" cellspacing="0">
            <tr>
               <td colspan="4">
                  <h3 style="display: inline;">testcases.HomePageTest</h3>
               </td>
            </tr>
            <tr class="methodsTableHeader">
               <td width="100%">Name</td>
               <td nowrap="true">Started</td>
               <td nowrap="true">Duration</td>
               <td>Exception</td>
            </tr>
            <tr id="testcases.HomePageTest_beforeTest_byClass_PASS1_row"
                class="testMethodStatusPASS testMethodStatusCONF">
               <td width="100%" class="firstMethodCell">
                  <a onclick="toggleDetailsVisibility('testcases.HomePageTest_beforeTest_byClass_PASS1_details')">beforeTest(org.testng.TestRunner@ab327c)</a>
               </td>
               <td nowrap="true">18:47:24</td>
               <td nowrap="true" align="right">171 ms
                  
               </td>
               <td nowrap="true">
                   
                  
               </td>
            </tr>
            <tr>
               <td colspan="4" class="detailsBox">
                  <div id="testcases.HomePageTest_beforeTest_byClass_PASS1_details"
                       class="testMethodDetails">
                     <div>
                        <b>Name: </b>beforeTest
                     </div>
                     <div>
                        <b>Signature: </b>beforeTest(org.testng.ITestContext)[pri:0, instance:testcases.HomePageTest@6331250e]
                     </div>
                     <div>
                        <b>Parameters: </b>
                        
                        org.testng.TestRunner@ab327c
                        
                        
                     </div>
                     <div>
                        <b>Start time: </b>18:47:24
                     </div>
                     <div>
                        <b>End time: </b>18:47:24
                     </div>
                     <div>
                        <b>Duration: </b>171 ms
                        
                     </div>
                  </div>
               </td>
            </tr>
            <tr></tr>
            <tr id="testcases.HomePageTest_beforeMethod_byClass_PASS2_row"
                class="testMethodStatusPASS testMethodStatusCONF">
               <td width="100%" class="firstMethodCell">
                  <a onclick="toggleDetailsVisibility('testcases.HomePageTest_beforeMethod_byClass_PASS2_details')">beforeMethod(org.testng.TestRunner@ab327c)</a>
               </td>
               <td nowrap="true">18:47:24</td>
               <td nowrap="true" align="right">2 ms
                  
               </td>
               <td nowrap="true">
                   
                  
               </td>
            </tr>
            <tr>
               <td colspan="4" class="detailsBox">
                  <div id="testcases.HomePageTest_beforeMethod_byClass_PASS2_details"
                       class="testMethodDetails">
                     <div>
                        <b>Name: </b>beforeMethod
                     </div>
                     <div>
                        <b>Signature: </b>beforeMethod(org.testng.ITestContext)[pri:0, instance:testcases.HomePageTest@6331250e]
                     </div>
                     <div>
                        <b>Parameters: </b>
                        
                        org.testng.TestRunner@ab327c
                        
                        
                     </div>
                     <div>
                        <b>Start time: </b>18:47:24
                     </div>
                     <div>
                        <b>End time: </b>18:47:24
                     </div>
                     <div>
                        <b>Duration: </b>2 ms
                        
                     </div>
                  </div>
               </td>
            </tr>
            <tr></tr>
            <tr id="testcases.HomePageTest_VerifyHomePageTitle_byClass_PASS3_row"
                class="testMethodStatusPASS">
               <td width="100%" class="firstMethodCell">
                  <a onclick="toggleDetailsVisibility('testcases.HomePageTest_VerifyHomePageTitle_byClass_PASS3_details')">VerifyHomePageTitle(chrome
                     
                     ,
                     
                     Y)
                  </a>
               </td>
               <td nowrap="true">18:47:24</td>
               <td nowrap="true" align="right">3s
                  
               </td>
               <td nowrap="true">
                   
                  
               </td>
            </tr>
            <tr>
               <td colspan="4" class="detailsBox">
                  <div id="testcases.HomePageTest_VerifyHomePageTitle_byClass_PASS3_details"
                       class="testMethodDetails">
                     <div>
                        <b>Name: </b>VerifyHomePageTitle
                     </div>
                     <div>
                        <b>Signature: </b>VerifyHomePageTitle(java.lang.String,java.lang.String)[pri:0, instance:testcases.HomePageTest@6331250e]
                     </div>
                     <div>
                        <b>Parameters: </b>
                        
                        chrome
                        
                        ,
                        
                        Y
                        
                        
                     </div>
                     <div>
                        <b>Start time: </b>18:47:24
                     </div>
                     <div>
                        <b>End time: </b>18:47:27
                     </div>
                     <div>
                        <b>Duration: </b>3s
                        
                     </div>
                  </div>
               </td>
            </tr>
            <tr></tr>
            <tr id="testcases.HomePageTest_quit_byClass_PASS4_row"
                class="testMethodStatusPASS testMethodStatusCONF">
               <td width="100%" class="firstMethodCell">
                  <a onclick="toggleDetailsVisibility('testcases.HomePageTest_quit_byClass_PASS4_details')">quit(org.testng.TestRunner@ab327c)</a>
               </td>
               <td nowrap="true">18:47:27</td>
               <td nowrap="true" align="right">768 ms
                  
               </td>
               <td nowrap="true">
                   
                  
               </td>
            </tr>
            <tr>
               <td colspan="4" class="detailsBox">
                  <div id="testcases.HomePageTest_quit_byClass_PASS4_details"
                       class="testMethodDetails">
                     <div>
                        <b>Name: </b>quit
                     </div>
                     <div>
                        <b>Signature: </b>quit(org.testng.ITestContext)[pri:0, instance:testcases.HomePageTest@6331250e]
                     </div>
                     <div>
                        <b>Parameters: </b>
                        
                        org.testng.TestRunner@ab327c
                        
                        
                     </div>
                     <div>
                        <b>Start time: </b>18:47:27
                     </div>
                     <div>
                        <b>End time: </b>18:47:28
                     </div>
                     <div>
                        <b>Duration: </b>768 ms
                        
                     </div>
                  </div>
               </td>
            </tr>
            <tr></tr>
         </table>
         <br></br>
         <table class="testMethodsTable" cellpadding="0" cellspacing="0">
            <tr>
               <td colspan="4">
                  <h3 style="display: inline;">testcases.StoreEntryTest</h3>
               </td>
            </tr>
            <tr class="methodsTableHeader">
               <td width="100%">Name</td>
               <td nowrap="true">Started</td>
               <td nowrap="true">Duration</td>
               <td>Exception</td>
            </tr>
            <tr id="testcases.StoreEntryTest_beforeTest_byClass_PASS1_row"
                class="testMethodStatusPASS testMethodStatusCONF">
               <td width="100%" class="firstMethodCell">
                  <a onclick="toggleDetailsVisibility('testcases.StoreEntryTest_beforeTest_byClass_PASS1_details')">beforeTest(org.testng.TestRunner@3d798e76)</a>
               </td>
               <td nowrap="true">18:47:28</td>
               <td nowrap="true" align="right">1 ms
                  
               </td>
               <td nowrap="true">
                   
                  
               </td>
            </tr>
            <tr>
               <td colspan="4" class="detailsBox">
                  <div id="testcases.StoreEntryTest_beforeTest_byClass_PASS1_details"
                       class="testMethodDetails">
                     <div>
                        <b>Name: </b>beforeTest
                     </div>
                     <div>
                        <b>Signature: </b>beforeTest(org.testng.ITestContext)[pri:0, instance:testcases.StoreEntryTest@3e9803c2]
                     </div>
                     <div>
                        <b>Parameters: </b>
                        
                        org.testng.TestRunner@3d798e76
                        
                        
                     </div>
                     <div>
                        <b>Start time: </b>18:47:28
                     </div>
                     <div>
                        <b>End time: </b>18:47:28
                     </div>
                     <div>
                        <b>Duration: </b>1 ms
                        
                     </div>
                  </div>
               </td>
            </tr>
            <tr></tr>
            <tr id="testcases.StoreEntryTest_beforeMethod_byClass_PASS2_row"
                class="testMethodStatusPASS testMethodStatusCONF">
               <td width="100%" class="firstMethodCell">
                  <a onclick="toggleDetailsVisibility('testcases.StoreEntryTest_beforeMethod_byClass_PASS2_details')">beforeMethod(org.testng.TestRunner@3d798e76)</a>
               </td>
               <td nowrap="true">18:47:28</td>
               <td nowrap="true" align="right">1 ms
                  
               </td>
               <td nowrap="true">
                   
                  
               </td>
            </tr>
            <tr>
               <td colspan="4" class="detailsBox">
                  <div id="testcases.StoreEntryTest_beforeMethod_byClass_PASS2_details"
                       class="testMethodDetails">
                     <div>
                        <b>Name: </b>beforeMethod
                     </div>
                     <div>
                        <b>Signature: </b>beforeMethod(org.testng.ITestContext)[pri:0, instance:testcases.StoreEntryTest@3e9803c2]
                     </div>
                     <div>
                        <b>Parameters: </b>
                        
                        org.testng.TestRunner@3d798e76
                        
                        
                     </div>
                     <div>
                        <b>Start time: </b>18:47:28
                     </div>
                     <div>
                        <b>End time: </b>18:47:28
                     </div>
                     <div>
                        <b>Duration: </b>1 ms
                        
                     </div>
                  </div>
               </td>
            </tr>
            <tr></tr>
            <tr id="testcases.StoreEntryTest_VerifySignInButtonPresence_byClass_PASS3_row"
                class="testMethodStatusPASS">
               <td width="100%" class="firstMethodCell">
                  <a onclick="toggleDetailsVisibility('testcases.StoreEntryTest_VerifySignInButtonPresence_byClass_PASS3_details')">VerifySignInButtonPresence(chrome
                     
                     ,
                     
                     Y
                     
                     ,
                     
                     j2ee
                     
                     ,
                     
                     j2ee)
                  </a>
               </td>
               <td nowrap="true">18:47:28</td>
               <td nowrap="true" align="right">4s
                  
               </td>
               <td nowrap="true">
                   
                  
               </td>
            </tr>
            <tr>
               <td colspan="4" class="detailsBox">
                  <div id="testcases.StoreEntryTest_VerifySignInButtonPresence_byClass_PASS3_details"
                       class="testMethodDetails">
                     <div>
                        <b>Name: </b>VerifySignInButtonPresence
                     </div>
                     <div>
                        <b>Signature: </b>VerifySignInButtonPresence(java.lang.String,java.lang.String,java.lang.String,java.lang.String)[pri:0, instance:testcases.StoreEntryTest@3e9803c2]
                     </div>
                     <div>
                        <b>Parameters: </b>
                        
                        chrome
                        
                        ,
                        
                        Y
                        
                        ,
                        
                        j2ee
                        
                        ,
                        
                        j2ee
                        
                        
                     </div>
                     <div>
                        <b>Start time: </b>18:47:28
                     </div>
                     <div>
                        <b>End time: </b>18:47:32
                     </div>
                     <div>
                        <b>Duration: </b>4s
                        
                     </div>
                  </div>
               </td>
            </tr>
            <tr></tr>
            <tr id="testcases.StoreEntryTest_quit_byClass_PASS4_row"
                class="testMethodStatusPASS testMethodStatusCONF">
               <td width="100%" class="firstMethodCell">
                  <a onclick="toggleDetailsVisibility('testcases.StoreEntryTest_quit_byClass_PASS4_details')">quit(org.testng.TestRunner@3d798e76)</a>
               </td>
               <td nowrap="true">18:47:32</td>
               <td nowrap="true" align="right">596 ms
                  
               </td>
               <td nowrap="true">
                   
                  
               </td>
            </tr>
            <tr>
               <td colspan="4" class="detailsBox">
                  <div id="testcases.StoreEntryTest_quit_byClass_PASS4_details"
                       class="testMethodDetails">
                     <div>
                        <b>Name: </b>quit
                     </div>
                     <div>
                        <b>Signature: </b>quit(org.testng.ITestContext)[pri:0, instance:testcases.StoreEntryTest@3e9803c2]
                     </div>
                     <div>
                        <b>Parameters: </b>
                        
                        org.testng.TestRunner@3d798e76
                        
                        
                     </div>
                     <div>
                        <b>Start time: </b>18:47:32
                     </div>
                     <div>
                        <b>End time: </b>18:47:32
                     </div>
                     <div>
                        <b>Duration: </b>596 ms
                        
                     </div>
                  </div>
               </td>
            </tr>
            <tr></tr>
         </table>
         <br></br>
         <table class="testMethodsTable" cellpadding="0" cellspacing="0">
            <tr>
               <td colspan="4">
                  <h3 style="display: inline;">testcases.StoreEntryTest</h3>
               </td>
            </tr>
            <tr class="methodsTableHeader">
               <td width="100%">Name</td>
               <td nowrap="true">Started</td>
               <td nowrap="true">Duration</td>
               <td>Exception</td>
            </tr>
            <tr id="testcases.StoreEntryTest_beforeTest_byClass_PASS1_row"
                class="testMethodStatusPASS testMethodStatusCONF">
               <td width="100%" class="firstMethodCell">
                  <a onclick="toggleDetailsVisibility('testcases.StoreEntryTest_beforeTest_byClass_PASS1_details')">beforeTest(org.testng.TestRunner@763b0996)</a>
               </td>
               <td nowrap="true">18:47:32</td>
               <td nowrap="true" align="right">0 ms
                  
               </td>
               <td nowrap="true">
                   
                  
               </td>
            </tr>
            <tr>
               <td colspan="4" class="detailsBox">
                  <div id="testcases.StoreEntryTest_beforeTest_byClass_PASS1_details"
                       class="testMethodDetails">
                     <div>
                        <b>Name: </b>beforeTest
                     </div>
                     <div>
                        <b>Signature: </b>beforeTest(org.testng.ITestContext)[pri:0, instance:testcases.StoreEntryTest@25d958c6]
                     </div>
                     <div>
                        <b>Parameters: </b>
                        
                        org.testng.TestRunner@763b0996
                        
                        
                     </div>
                     <div>
                        <b>Start time: </b>18:47:32
                     </div>
                     <div>
                        <b>End time: </b>18:47:32
                     </div>
                     <div>
                        <b>Duration: </b>0 ms
                        
                     </div>
                  </div>
               </td>
            </tr>
            <tr></tr>
            <tr id="testcases.StoreEntryTest_beforeMethod_byClass_PASS2_row"
                class="testMethodStatusPASS testMethodStatusCONF">
               <td width="100%" class="firstMethodCell">
                  <a onclick="toggleDetailsVisibility('testcases.StoreEntryTest_beforeMethod_byClass_PASS2_details')">beforeMethod(org.testng.TestRunner@763b0996)</a>
               </td>
               <td nowrap="true">18:47:32</td>
               <td nowrap="true" align="right">1 ms
                  
               </td>
               <td nowrap="true">
                   
                  
               </td>
            </tr>
            <tr>
               <td colspan="4" class="detailsBox">
                  <div id="testcases.StoreEntryTest_beforeMethod_byClass_PASS2_details"
                       class="testMethodDetails">
                     <div>
                        <b>Name: </b>beforeMethod
                     </div>
                     <div>
                        <b>Signature: </b>beforeMethod(org.testng.ITestContext)[pri:0, instance:testcases.StoreEntryTest@25d958c6]
                     </div>
                     <div>
                        <b>Parameters: </b>
                        
                        org.testng.TestRunner@763b0996
                        
                        
                     </div>
                     <div>
                        <b>Start time: </b>18:47:32
                     </div>
                     <div>
                        <b>End time: </b>18:47:32
                     </div>
                     <div>
                        <b>Duration: </b>1 ms
                        
                     </div>
                  </div>
               </td>
            </tr>
            <tr></tr>
            <tr id="testcases.StoreEntryTest_VerifyStoreEntryTitle_byClass_PASS3_row"
                class="testMethodStatusPASS">
               <td width="100%" class="firstMethodCell">
                  <a onclick="toggleDetailsVisibility('testcases.StoreEntryTest_VerifyStoreEntryTitle_byClass_PASS3_details')">VerifyStoreEntryTitle(chrome
                     
                     ,
                     
                     Y
                     
                     ,
                     
                     j2ee
                     
                     ,
                     
                     j2ee)
                  </a>
               </td>
               <td nowrap="true">18:47:32</td>
               <td nowrap="true" align="right">6s
                  
               </td>
               <td nowrap="true">
                   
                  
               </td>
            </tr>
            <tr>
               <td colspan="4" class="detailsBox">
                  <div id="testcases.StoreEntryTest_VerifyStoreEntryTitle_byClass_PASS3_details"
                       class="testMethodDetails">
                     <div>
                        <b>Name: </b>VerifyStoreEntryTitle
                     </div>
                     <div>
                        <b>Signature: </b>VerifyStoreEntryTitle(java.lang.String,java.lang.String,java.lang.String,java.lang.String)[pri:0, instance:testcases.StoreEntryTest@25d958c6]
                     </div>
                     <div>
                        <b>Parameters: </b>
                        
                        chrome
                        
                        ,
                        
                        Y
                        
                        ,
                        
                        j2ee
                        
                        ,
                        
                        j2ee
                        
                        
                     </div>
                     <div>
                        <b>Start time: </b>18:47:32
                     </div>
                     <div>
                        <b>End time: </b>18:47:38
                     </div>
                     <div>
                        <b>Duration: </b>6s
                        
                     </div>
                  </div>
               </td>
            </tr>
            <tr></tr>
            <tr id="testcases.StoreEntryTest_quit_byClass_PASS4_row"
                class="testMethodStatusPASS testMethodStatusCONF">
               <td width="100%" class="firstMethodCell">
                  <a onclick="toggleDetailsVisibility('testcases.StoreEntryTest_quit_byClass_PASS4_details')">quit(org.testng.TestRunner@763b0996)</a>
               </td>
               <td nowrap="true">18:47:38</td>
               <td nowrap="true" align="right">638 ms
                  
               </td>
               <td nowrap="true">
                   
                  
               </td>
            </tr>
            <tr>
               <td colspan="4" class="detailsBox">
                  <div id="testcases.StoreEntryTest_quit_byClass_PASS4_details"
                       class="testMethodDetails">
                     <div>
                        <b>Name: </b>quit
                     </div>
                     <div>
                        <b>Signature: </b>quit(org.testng.ITestContext)[pri:0, instance:testcases.StoreEntryTest@25d958c6]
                     </div>
                     <div>
                        <b>Parameters: </b>
                        
                        org.testng.TestRunner@763b0996
                        
                        
                     </div>
                     <div>
                        <b>Start time: </b>18:47:38
                     </div>
                     <div>
                        <b>End time: </b>18:47:39
                     </div>
                     <div>
                        <b>Duration: </b>638 ms
                        
                     </div>
                  </div>
               </td>
            </tr>
            <tr></tr>
         </table>
         <br></br>
         <table class="testMethodsTable" cellpadding="0" cellspacing="0">
            <tr>
               <td colspan="4">
                  <h3 style="display: inline;">testcases.StoreEntryTest</h3>
               </td>
            </tr>
            <tr class="methodsTableHeader">
               <td width="100%">Name</td>
               <td nowrap="true">Started</td>
               <td nowrap="true">Duration</td>
               <td>Exception</td>
            </tr>
            <tr id="testcases.StoreEntryTest_beforeTest_byClass_PASS1_row"
                class="testMethodStatusPASS testMethodStatusCONF">
               <td width="100%" class="firstMethodCell">
                  <a onclick="toggleDetailsVisibility('testcases.StoreEntryTest_beforeTest_byClass_PASS1_details')">beforeTest(org.testng.TestRunner@386e9fd8)</a>
               </td>
               <td nowrap="true">18:47:39</td>
               <td nowrap="true" align="right">2 ms
                  
               </td>
               <td nowrap="true">
                   
                  
               </td>
            </tr>
            <tr>
               <td colspan="4" class="detailsBox">
                  <div id="testcases.StoreEntryTest_beforeTest_byClass_PASS1_details"
                       class="testMethodDetails">
                     <div>
                        <b>Name: </b>beforeTest
                     </div>
                     <div>
                        <b>Signature: </b>beforeTest(org.testng.ITestContext)[pri:0, instance:testcases.StoreEntryTest@4a1c0752]
                     </div>
                     <div>
                        <b>Parameters: </b>
                        
                        org.testng.TestRunner@386e9fd8
                        
                        
                     </div>
                     <div>
                        <b>Start time: </b>18:47:39
                     </div>
                     <div>
                        <b>End time: </b>18:47:39
                     </div>
                     <div>
                        <b>Duration: </b>2 ms
                        
                     </div>
                  </div>
               </td>
            </tr>
            <tr></tr>
            <tr id="testcases.StoreEntryTest_beforeMethod_byClass_PASS2_row"
                class="testMethodStatusPASS testMethodStatusCONF">
               <td width="100%" class="firstMethodCell">
                  <a onclick="toggleDetailsVisibility('testcases.StoreEntryTest_beforeMethod_byClass_PASS2_details')">beforeMethod(org.testng.TestRunner@386e9fd8)</a>
               </td>
               <td nowrap="true">18:47:39</td>
               <td nowrap="true" align="right">1 ms
                  
               </td>
               <td nowrap="true">
                   
                  
               </td>
            </tr>
            <tr>
               <td colspan="4" class="detailsBox">
                  <div id="testcases.StoreEntryTest_beforeMethod_byClass_PASS2_details"
                       class="testMethodDetails">
                     <div>
                        <b>Name: </b>beforeMethod
                     </div>
                     <div>
                        <b>Signature: </b>beforeMethod(org.testng.ITestContext)[pri:0, instance:testcases.StoreEntryTest@4a1c0752]
                     </div>
                     <div>
                        <b>Parameters: </b>
                        
                        org.testng.TestRunner@386e9fd8
                        
                        
                     </div>
                     <div>
                        <b>Start time: </b>18:47:39
                     </div>
                     <div>
                        <b>End time: </b>18:47:39
                     </div>
                     <div>
                        <b>Duration: </b>1 ms
                        
                     </div>
                  </div>
               </td>
            </tr>
            <tr></tr>
            <tr id="testcases.StoreEntryTest_Verifylogin_byClass_PASS3_row"
                class="testMethodStatusPASS">
               <td width="100%" class="firstMethodCell">
                  <a onclick="toggleDetailsVisibility('testcases.StoreEntryTest_Verifylogin_byClass_PASS3_details')">Verifylogin(chrome
                     
                     ,
                     
                     Y
                     
                     ,
                     
                     j2ee
                     
                     ,
                     
                     j2ee)
                  </a>
               </td>
               <td nowrap="true">18:47:39</td>
               <td nowrap="true" align="right">12s
                  
               </td>
               <td nowrap="true">
                   
                  
               </td>
            </tr>
            <tr>
               <td colspan="4" class="detailsBox">
                  <div id="testcases.StoreEntryTest_Verifylogin_byClass_PASS3_details"
                       class="testMethodDetails">
                     <div>
                        <b>Name: </b>Verifylogin
                     </div>
                     <div>
                        <b>Signature: </b>Verifylogin(java.lang.String,java.lang.String,java.lang.String,java.lang.String)[pri:0, instance:testcases.StoreEntryTest@4a1c0752]
                     </div>
                     <div>
                        <b>Parameters: </b>
                        
                        chrome
                        
                        ,
                        
                        Y
                        
                        ,
                        
                        j2ee
                        
                        ,
                        
                        j2ee
                        
                        
                     </div>
                     <div>
                        <b>Start time: </b>18:47:39
                     </div>
                     <div>
                        <b>End time: </b>18:47:51
                     </div>
                     <div>
                        <b>Duration: </b>12s
                        
                     </div>
                  </div>
               </td>
            </tr>
            <tr></tr>
            <tr id="testcases.StoreEntryTest_quit_byClass_PASS4_row"
                class="testMethodStatusPASS testMethodStatusCONF">
               <td width="100%" class="firstMethodCell">
                  <a onclick="toggleDetailsVisibility('testcases.StoreEntryTest_quit_byClass_PASS4_details')">quit(org.testng.TestRunner@386e9fd8)</a>
               </td>
               <td nowrap="true">18:47:51</td>
               <td nowrap="true" align="right">626 ms
                  
               </td>
               <td nowrap="true">
                   
                  
               </td>
            </tr>
            <tr>
               <td colspan="4" class="detailsBox">
                  <div id="testcases.StoreEntryTest_quit_byClass_PASS4_details"
                       class="testMethodDetails">
                     <div>
                        <b>Name: </b>quit
                     </div>
                     <div>
                        <b>Signature: </b>quit(org.testng.ITestContext)[pri:0, instance:testcases.StoreEntryTest@4a1c0752]
                     </div>
                     <div>
                        <b>Parameters: </b>
                        
                        org.testng.TestRunner@386e9fd8
                        
                        
                     </div>
                     <div>
                        <b>Start time: </b>18:47:51
                     </div>
                     <div>
                        <b>End time: </b>18:47:51
                     </div>
                     <div>
                        <b>Duration: </b>626 ms
                        
                     </div>
                  </div>
               </td>
            </tr>
            <tr></tr>
         </table>
         <br></br>
      </div>
      <div style="margin-top: 15px; color: gray; text-align: center; font-size: 9px;">
         Generated with
         
         <a href="http://code.google.com/p/testng-xslt/" style="color: #8888aa;"
            target="_blank">
            TestNG XSLT
            
         </a>
      </div>
   </body>
</html>